mode: atomic
github.com/2389-research/hex/internal/agentsmd/loader.go:24.36,31.16 4 0
github.com/2389-research/hex/internal/agentsmd/loader.go:31.16,34.58 2 0
github.com/2389-research/hex/internal/agentsmd/loader.go:34.58,36.4 1 0
github.com/2389-research/hex/internal/agentsmd/loader.go:40.2,41.16 2 0
github.com/2389-research/hex/internal/agentsmd/loader.go:41.16,44.3 1 0
github.com/2389-research/hex/internal/agentsmd/loader.go:47.2,48.16 2 0
github.com/2389-research/hex/internal/agentsmd/loader.go:48.16,50.3 1 0
github.com/2389-research/hex/internal/agentsmd/loader.go:53.2,54.16 2 0
github.com/2389-research/hex/internal/agentsmd/loader.go:54.16,56.3 1 0
github.com/2389-research/hex/internal/agentsmd/loader.go:60.2,64.20 3 0
github.com/2389-research/hex/internal/agentsmd/loader.go:64.20,67.34 3 0
github.com/2389-research/hex/internal/agentsmd/loader.go:67.34,68.33 1 0
github.com/2389-research/hex/internal/agentsmd/loader.go:68.33,69.13 1 0
github.com/2389-research/hex/internal/agentsmd/loader.go:71.4,72.52 2 0
github.com/2389-research/hex/internal/agentsmd/loader.go:76.2,76.43 1 0
github.com/2389-research/hex/internal/agentsmd/loader.go:76.43,81.60 2 0
github.com/2389-research/hex/internal/agentsmd/loader.go:81.60,87.12 5 0
github.com/2389-research/hex/internal/agentsmd/loader.go:91.3,93.58 2 0
github.com/2389-research/hex/internal/agentsmd/loader.go:93.58,97.4 3 0
github.com/2389-research/hex/internal/agentsmd/loader.go:101.2,101.50 1 0
github.com/2389-research/hex/internal/agentsmd/loader.go:106.36,109.16 3 0
github.com/2389-research/hex/internal/agentsmd/loader.go:109.16,111.3 1 0
github.com/2389-research/hex/internal/agentsmd/loader.go:113.2,114.18 2 0
github.com/2389-research/hex/internal/approval/rules.go:36.33,38.16 2 0
github.com/2389-research/hex/internal/approval/rules.go:38.16,40.3 1 0
github.com/2389-research/hex/internal/approval/rules.go:42.2,50.33 3 0
github.com/2389-research/hex/internal/approval/rules.go:50.33,52.26 1 0
github.com/2389-research/hex/internal/approval/rules.go:52.26,54.4 1 0
github.com/2389-research/hex/internal/approval/rules.go:57.2,57.15 1 0
github.com/2389-research/hex/internal/approval/rules.go:61.53,65.2 3 0
github.com/2389-research/hex/internal/approval/rules.go:68.55,70.2 1 0
github.com/2389-research/hex/internal/approval/rules.go:73.54,75.2 1 0
github.com/2389-research/hex/internal/approval/rules.go:78.47,83.2 4 0
github.com/2389-research/hex/internal/approval/rules.go:86.67,91.2 4 0
github.com/2389-research/hex/internal/approval/rules.go:94.30,100.47 4 0
github.com/2389-research/hex/internal/approval/rules.go:100.47,102.3 1 0
github.com/2389-research/hex/internal/approval/rules.go:105.2,107.16 3 0
github.com/2389-research/hex/internal/approval/rules.go:107.16,109.3 1 0
github.com/2389-research/hex/internal/approval/rules.go:112.2,112.57 1 0
github.com/2389-research/hex/internal/approval/rules.go:112.57,114.3 1 0
github.com/2389-research/hex/internal/approval/rules.go:116.2,116.12 1 0
github.com/2389-research/hex/internal/approval/rules.go:120.30,122.16 2 0
github.com/2389-research/hex/internal/approval/rules.go:122.16,124.3 1 0
github.com/2389-research/hex/internal/approval/rules.go:126.2,127.50 2 0
github.com/2389-research/hex/internal/approval/rules.go:127.50,129.3 1 0
github.com/2389-research/hex/internal/approval/rules.go:131.2,133.20 3 0
github.com/2389-research/hex/internal/approval/rules.go:133.20,135.3 1 0
github.com/2389-research/hex/internal/approval/rules.go:136.2,138.12 2 0
github.com/2389-research/hex/internal/approval/rules.go:142.48,148.28 4 0
github.com/2389-research/hex/internal/approval/rules.go:148.28,150.3 1 0
github.com/2389-research/hex/internal/approval/rules.go:151.2,151.18 1 0
github.com/2389-research/hex/internal/plugins/installer.go:22.46,26.2 1 10
github.com/2389-research/hex/internal/plugins/installer.go:29.50,31.22 1 5
github.com/2389-research/hex/internal/plugins/installer.go:31.22,33.3 1 0
github.com/2389-research/hex/internal/plugins/installer.go:34.2,34.23 1 5
github.com/2389-research/hex/internal/plugins/installer.go:34.23,36.3 1 0
github.com/2389-research/hex/internal/plugins/installer.go:37.2,37.35 1 5
github.com/2389-research/hex/internal/plugins/installer.go:41.58,47.46 3 0
github.com/2389-research/hex/internal/plugins/installer.go:47.46,49.3 1 0
github.com/2389-research/hex/internal/plugins/installer.go:53.2,55.16 3 0
github.com/2389-research/hex/internal/plugins/installer.go:55.16,57.3 1 0
github.com/2389-research/hex/internal/plugins/installer.go:60.2,60.59 1 0
github.com/2389-research/hex/internal/plugins/installer.go:60.59,64.3 2 0
github.com/2389-research/hex/internal/plugins/installer.go:67.2,68.16 2 0
github.com/2389-research/hex/internal/plugins/installer.go:68.16,71.3 2 0
github.com/2389-research/hex/internal/plugins/installer.go:74.2,74.58 1 0
github.com/2389-research/hex/internal/plugins/installer.go:74.58,77.3 2 0
github.com/2389-research/hex/internal/plugins/installer.go:80.2,81.45 2 0
github.com/2389-research/hex/internal/plugins/installer.go:81.45,83.3 1 0
github.com/2389-research/hex/internal/plugins/installer.go:85.2,85.12 1 0
github.com/2389-research/hex/internal/plugins/installer.go:89.53,92.2 1 0
github.com/2389-research/hex/internal/plugins/installer.go:95.63,97.41 1 5
github.com/2389-research/hex/internal/plugins/installer.go:97.41,99.17 2 0
github.com/2389-research/hex/internal/plugins/installer.go:99.17,101.4 1 0
github.com/2389-research/hex/internal/plugins/installer.go:102.3,102.51 1 0
github.com/2389-research/hex/internal/plugins/installer.go:106.2,107.16 2 5
github.com/2389-research/hex/internal/plugins/installer.go:107.16,109.3 1 0
github.com/2389-research/hex/internal/plugins/installer.go:112.2,112.59 1 5
github.com/2389-research/hex/internal/plugins/installer.go:112.59,114.3 1 1
github.com/2389-research/hex/internal/plugins/installer.go:117.2,118.16 2 4
github.com/2389-research/hex/internal/plugins/installer.go:118.16,120.3 1 0
github.com/2389-research/hex/internal/plugins/installer.go:123.2,123.49 1 4
github.com/2389-research/hex/internal/plugins/installer.go:123.49,125.3 1 0
github.com/2389-research/hex/internal/plugins/installer.go:127.2,130.54 2 4
github.com/2389-research/hex/internal/plugins/installer.go:130.54,132.3 1 0
github.com/2389-research/hex/internal/plugins/installer.go:135.2,135.58 1 4
github.com/2389-research/hex/internal/plugins/installer.go:135.58,138.3 2 0
github.com/2389-research/hex/internal/plugins/installer.go:141.2,142.45 2 4
github.com/2389-research/hex/internal/plugins/installer.go:142.45,144.3 1 0
github.com/2389-research/hex/internal/plugins/installer.go:146.2,146.12 1 4
github.com/2389-research/hex/internal/plugins/installer.go:150.50,152.41 1 4
github.com/2389-research/hex/internal/plugins/installer.go:152.41,154.3 1 2
github.com/2389-research/hex/internal/plugins/installer.go:157.2,158.16 2 2
github.com/2389-research/hex/internal/plugins/installer.go:158.16,160.3 1 0
github.com/2389-research/hex/internal/plugins/installer.go:163.2,163.61 1 2
github.com/2389-research/hex/internal/plugins/installer.go:163.61,166.3 1 0
github.com/2389-research/hex/internal/plugins/installer.go:169.2,169.49 1 2
github.com/2389-research/hex/internal/plugins/installer.go:169.49,171.3 1 0
github.com/2389-research/hex/internal/plugins/installer.go:174.2,175.45 2 2
github.com/2389-research/hex/internal/plugins/installer.go:175.45,177.3 1 0
github.com/2389-research/hex/internal/plugins/installer.go:179.2,179.12 1 2
github.com/2389-research/hex/internal/plugins/installer.go:183.47,185.41 1 2
github.com/2389-research/hex/internal/plugins/installer.go:185.41,187.3 1 2
github.com/2389-research/hex/internal/plugins/installer.go:190.2,191.16 2 0
github.com/2389-research/hex/internal/plugins/installer.go:191.16,193.3 1 0
github.com/2389-research/hex/internal/plugins/installer.go:196.2,197.43 2 0
github.com/2389-research/hex/internal/plugins/installer.go:197.43,202.17 3 0
github.com/2389-research/hex/internal/plugins/installer.go:202.17,204.4 1 0
github.com/2389-research/hex/internal/plugins/installer.go:207.3,208.17 2 0
github.com/2389-research/hex/internal/plugins/installer.go:208.17,210.4 1 0
github.com/2389-research/hex/internal/plugins/installer.go:213.3,213.59 1 0
github.com/2389-research/hex/internal/plugins/installer.go:213.59,215.4 1 0
github.com/2389-research/hex/internal/plugins/installer.go:218.3,218.79 1 0
github.com/2389-research/hex/internal/plugins/installer.go:218.79,220.4 1 0
github.com/2389-research/hex/internal/plugins/installer.go:221.3,221.46 1 0
github.com/2389-research/hex/internal/plugins/installer.go:221.46,223.4 1 0
github.com/2389-research/hex/internal/plugins/installer.go:225.3,225.13 1 0
github.com/2389-research/hex/internal/plugins/installer.go:228.2,228.98 1 0
github.com/2389-research/hex/internal/plugins/installer.go:232.47,233.41 1 4
github.com/2389-research/hex/internal/plugins/installer.go:233.41,235.3 1 2
github.com/2389-research/hex/internal/plugins/installer.go:237.2,237.60 1 2
github.com/2389-research/hex/internal/plugins/installer.go:237.60,239.3 1 0
github.com/2389-research/hex/internal/plugins/installer.go:241.2,241.29 1 2
github.com/2389-research/hex/internal/plugins/installer.go:245.48,246.41 1 4
github.com/2389-research/hex/internal/plugins/installer.go:246.41,248.3 1 2
github.com/2389-research/hex/internal/plugins/installer.go:250.2,250.61 1 2
github.com/2389-research/hex/internal/plugins/installer.go:250.61,252.3 1 0
github.com/2389-research/hex/internal/plugins/installer.go:254.2,254.29 1 2
github.com/2389-research/hex/internal/plugins/installer.go:258.67,260.16 2 6
github.com/2389-research/hex/internal/plugins/installer.go:260.16,262.3 1 0
github.com/2389-research/hex/internal/plugins/installer.go:264.2,265.13 2 6
github.com/2389-research/hex/internal/plugins/installer.go:265.13,268.3 1 6
github.com/2389-research/hex/internal/plugins/installer.go:270.2,271.59 2 0
github.com/2389-research/hex/internal/plugins/installer.go:271.59,273.3 1 0
github.com/2389-research/hex/internal/plugins/installer.go:277.2,277.55 1 0
github.com/2389-research/hex/internal/plugins/installer.go:277.55,279.3 1 0
github.com/2389-research/hex/internal/plugins/installer.go:283.2,288.34 5 0
github.com/2389-research/hex/internal/plugins/installer.go:288.34,290.3 1 0
github.com/2389-research/hex/internal/plugins/installer.go:292.2,292.12 1 0
github.com/2389-research/hex/internal/plugins/installer.go:297.35,302.2 1 14
github.com/2389-research/hex/internal/plugins/installer.go:304.36,306.2 1 14
github.com/2389-research/hex/internal/plugins/installer.go:308.50,315.2 4 4
github.com/2389-research/hex/internal/plugins/installer.go:317.37,320.16 2 5
github.com/2389-research/hex/internal/plugins/installer.go:320.16,322.3 1 0
github.com/2389-research/hex/internal/plugins/installer.go:325.2,325.57 1 5
github.com/2389-research/hex/internal/plugins/installer.go:325.57,327.3 1 0
github.com/2389-research/hex/internal/plugins/installer.go:330.2,331.16 2 5
github.com/2389-research/hex/internal/plugins/installer.go:331.16,333.3 1 0
github.com/2389-research/hex/internal/plugins/installer.go:335.2,335.32 1 5
github.com/2389-research/hex/internal/plugins/installer.go:335.32,339.20 3 6
github.com/2389-research/hex/internal/plugins/installer.go:339.20,340.52 1 1
github.com/2389-research/hex/internal/plugins/installer.go:340.52,342.5 1 0
github.com/2389-research/hex/internal/plugins/installer.go:343.9,344.53 1 5
github.com/2389-research/hex/internal/plugins/installer.go:344.53,346.5 1 0
github.com/2389-research/hex/internal/plugins/installer.go:350.2,350.12 1 5
github.com/2389-research/hex/internal/plugins/installer.go:353.38,356.16 2 5
github.com/2389-research/hex/internal/plugins/installer.go:356.16,358.3 1 0
github.com/2389-research/hex/internal/plugins/installer.go:359.2,363.16 3 5
github.com/2389-research/hex/internal/plugins/installer.go:363.16,365.3 1 0
github.com/2389-research/hex/internal/plugins/installer.go:366.2,368.53 2 5
github.com/2389-research/hex/internal/plugins/installer.go:368.53,370.3 1 0
github.com/2389-research/hex/internal/plugins/installer.go:373.2,374.16 2 5
github.com/2389-research/hex/internal/plugins/installer.go:374.16,376.3 1 0
github.com/2389-research/hex/internal/plugins/installer.go:378.2,378.38 1 5
github.com/2389-research/hex/internal/plugins/loader.go:21.63,24.54 1 18
github.com/2389-research/hex/internal/plugins/loader.go:24.54,26.3 1 0
github.com/2389-research/hex/internal/plugins/loader.go:29.2,30.16 2 18
github.com/2389-research/hex/internal/plugins/loader.go:30.16,32.3 1 0
github.com/2389-research/hex/internal/plugins/loader.go:34.2,38.8 1 18
github.com/2389-research/hex/internal/plugins/loader.go:52.51,54.16 2 10
github.com/2389-research/hex/internal/plugins/loader.go:54.16,56.3 1 0
github.com/2389-research/hex/internal/plugins/loader.go:59.2,62.32 3 10
github.com/2389-research/hex/internal/plugins/loader.go:62.32,63.21 1 15
github.com/2389-research/hex/internal/plugins/loader.go:63.21,64.12 1 0
github.com/2389-research/hex/internal/plugins/loader.go:67.3,71.58 3 15
github.com/2389-research/hex/internal/plugins/loader.go:71.58,72.12 1 0
github.com/2389-research/hex/internal/plugins/loader.go:76.3,77.17 2 15
github.com/2389-research/hex/internal/plugins/loader.go:77.17,79.12 2 0
github.com/2389-research/hex/internal/plugins/loader.go:83.3,95.36 4 15
github.com/2389-research/hex/internal/plugins/loader.go:99.2,99.42 1 10
github.com/2389-research/hex/internal/plugins/loader.go:99.42,101.3 1 5
github.com/2389-research/hex/internal/plugins/loader.go:104.2,104.21 1 10
github.com/2389-research/hex/internal/plugins/loader.go:104.21,107.3 1 0
github.com/2389-research/hex/internal/plugins/loader.go:109.2,109.21 1 10
github.com/2389-research/hex/internal/plugins/loader.go:113.77,115.16 2 7
github.com/2389-research/hex/internal/plugins/loader.go:115.16,118.3 1 0
github.com/2389-research/hex/internal/plugins/loader.go:120.2,120.48 1 7
github.com/2389-research/hex/internal/plugins/loader.go:124.77,126.33 2 7
github.com/2389-research/hex/internal/plugins/loader.go:126.33,127.64 1 10
github.com/2389-research/hex/internal/plugins/loader.go:127.64,129.4 1 6
github.com/2389-research/hex/internal/plugins/loader.go:131.2,131.16 1 7
github.com/2389-research/hex/internal/plugins/loader.go:135.58,137.16 2 3
github.com/2389-research/hex/internal/plugins/loader.go:137.16,139.3 1 0
github.com/2389-research/hex/internal/plugins/loader.go:141.2,143.16 3 3
github.com/2389-research/hex/internal/plugins/loader.go:143.16,145.3 1 0
github.com/2389-research/hex/internal/plugins/loader.go:147.2,154.8 1 3
github.com/2389-research/hex/internal/plugins/loader.go:158.57,161.57 2 8
github.com/2389-research/hex/internal/plugins/loader.go:161.57,163.3 1 2
github.com/2389-research/hex/internal/plugins/loader.go:166.2,167.16 2 6
github.com/2389-research/hex/internal/plugins/loader.go:167.16,169.3 1 0
github.com/2389-research/hex/internal/plugins/loader.go:172.2,175.62 2 6
github.com/2389-research/hex/internal/plugins/loader.go:175.62,176.55 1 3
github.com/2389-research/hex/internal/plugins/loader.go:176.55,178.4 1 1
github.com/2389-research/hex/internal/plugins/loader.go:182.2,182.62 1 6
github.com/2389-research/hex/internal/plugins/loader.go:182.62,183.53 1 0
github.com/2389-research/hex/internal/plugins/loader.go:183.53,185.4 1 0
github.com/2389-research/hex/internal/plugins/loader.go:189.2,189.62 1 6
github.com/2389-research/hex/internal/plugins/loader.go:189.62,190.55 1 0
github.com/2389-research/hex/internal/plugins/loader.go:190.55,192.4 1 0
github.com/2389-research/hex/internal/plugins/loader.go:195.2,195.21 1 6
github.com/2389-research/hex/internal/plugins/loader.go:195.21,197.3 1 1
github.com/2389-research/hex/internal/plugins/loader.go:199.2,199.12 1 5
github.com/2389-research/hex/internal/plugins/loader.go:203.33,205.2 1 40
github.com/2389-research/hex/internal/plugins/loader.go:208.36,210.2 1 11
github.com/2389-research/hex/internal/plugins/loader.go:213.41,215.2 1 5
github.com/2389-research/hex/internal/plugins/manifest.go:73.51,76.16 2 40
github.com/2389-research/hex/internal/plugins/manifest.go:76.16,78.3 1 1
github.com/2389-research/hex/internal/plugins/manifest.go:80.2,81.56 2 39
github.com/2389-research/hex/internal/plugins/manifest.go:81.56,83.3 1 1
github.com/2389-research/hex/internal/plugins/manifest.go:85.2,85.44 1 38
github.com/2389-research/hex/internal/plugins/manifest.go:85.44,87.3 1 1
github.com/2389-research/hex/internal/plugins/manifest.go:89.2,89.23 1 37
github.com/2389-research/hex/internal/plugins/manifest.go:93.37,95.18 1 47
github.com/2389-research/hex/internal/plugins/manifest.go:95.18,97.3 1 1
github.com/2389-research/hex/internal/plugins/manifest.go:98.2,98.32 1 46
github.com/2389-research/hex/internal/plugins/manifest.go:98.32,100.3 1 2
github.com/2389-research/hex/internal/plugins/manifest.go:101.2,101.21 1 44
github.com/2389-research/hex/internal/plugins/manifest.go:101.21,103.3 1 2
github.com/2389-research/hex/internal/plugins/manifest.go:104.2,104.31 1 42
github.com/2389-research/hex/internal/plugins/manifest.go:104.31,106.3 1 1
github.com/2389-research/hex/internal/plugins/manifest.go:107.2,107.25 1 41
github.com/2389-research/hex/internal/plugins/manifest.go:107.25,109.3 1 1
github.com/2389-research/hex/internal/plugins/manifest.go:115.2,115.12 1 40
github.com/2389-research/hex/internal/plugins/manifest.go:119.42,124.2 2 58
github.com/2389-research/hex/internal/plugins/manifest.go:127.41,131.2 2 55
github.com/2389-research/hex/internal/plugins/manifest.go:134.61,136.33 2 8
github.com/2389-research/hex/internal/plugins/manifest.go:136.33,138.3 1 7
github.com/2389-research/hex/internal/plugins/manifest.go:139.2,139.14 1 8
github.com/2389-research/hex/internal/plugins/manifest.go:143.63,145.33 2 8
github.com/2389-research/hex/internal/plugins/manifest.go:145.33,147.3 1 3
github.com/2389-research/hex/internal/plugins/manifest.go:148.2,148.14 1 8
github.com/2389-research/hex/internal/plugins/manifest.go:152.61,154.33 2 8
github.com/2389-research/hex/internal/plugins/manifest.go:154.33,156.3 1 1
github.com/2389-research/hex/internal/plugins/manifest.go:157.2,157.14 1 8
github.com/2389-research/hex/internal/plugins/manifest.go:161.64,163.35 2 2
github.com/2389-research/hex/internal/plugins/manifest.go:163.35,165.3 1 1
github.com/2389-research/hex/internal/plugins/manifest.go:166.2,166.14 1 2
github.com/2389-research/hex/internal/plugins/manifest.go:170.36,172.2 1 1
github.com/2389-research/hex/internal/plugins/manifest.go:175.68,176.25 1 13
github.com/2389-research/hex/internal/plugins/manifest.go:176.25,179.3 1 6
github.com/2389-research/hex/internal/plugins/manifest.go:182.2,182.28 1 7
github.com/2389-research/hex/internal/plugins/manifest.go:182.28,184.3 1 1
github.com/2389-research/hex/internal/plugins/manifest.go:187.2,187.55 1 6
github.com/2389-research/hex/internal/plugins/manifest.go:187.55,188.47 1 4
github.com/2389-research/hex/internal/plugins/manifest.go:188.47,189.41 1 5
github.com/2389-research/hex/internal/plugins/manifest.go:189.41,191.5 1 2
github.com/2389-research/hex/internal/plugins/manifest.go:196.2,196.51 1 4
github.com/2389-research/hex/internal/plugins/manifest.go:196.51,197.46 1 1
github.com/2389-research/hex/internal/plugins/manifest.go:197.46,198.39 1 1
github.com/2389-research/hex/internal/plugins/manifest.go:198.39,200.16 2 1
github.com/2389-research/hex/internal/plugins/manifest.go:200.16,202.6 1 1
github.com/2389-research/hex/internal/plugins/manifest.go:208.2,208.54 1 3
github.com/2389-research/hex/internal/plugins/manifest.go:208.54,209.46 1 1
github.com/2389-research/hex/internal/plugins/manifest.go:209.46,210.44 1 1
github.com/2389-research/hex/internal/plugins/manifest.go:210.44,212.5 1 1
github.com/2389-research/hex/internal/plugins/manifest.go:217.2,217.102 1 2
github.com/2389-research/hex/internal/plugins/manifest.go:217.102,219.3 1 2
github.com/2389-research/hex/internal/plugins/manifest.go:222.2,222.13 1 0
github.com/2389-research/hex/internal/plugins/manifest.go:233.49,234.26 1 12
github.com/2389-research/hex/internal/plugins/manifest.go:234.26,235.33 1 21
github.com/2389-research/hex/internal/plugins/manifest.go:235.33,237.4 1 7
github.com/2389-research/hex/internal/plugins/manifest.go:239.2,239.14 1 5
github.com/2389-research/hex/internal/plugins/manifest.go:243.44,245.16 2 17
github.com/2389-research/hex/internal/plugins/manifest.go:245.16,247.3 1 0
github.com/2389-research/hex/internal/plugins/manifest.go:250.2,250.55 1 17
github.com/2389-research/hex/internal/plugins/manifest.go:250.55,252.3 1 0
github.com/2389-research/hex/internal/plugins/manifest.go:254.2,254.12 1 17
github.com/2389-research/hex/internal/plugins/registry.go:24.67,26.16 2 5
github.com/2389-research/hex/internal/plugins/registry.go:26.16,28.3 1 0
github.com/2389-research/hex/internal/plugins/registry.go:30.2,38.8 2 5
github.com/2389-research/hex/internal/plugins/registry.go:42.43,44.16 2 1
github.com/2389-research/hex/internal/plugins/registry.go:44.16,46.3 1 0
github.com/2389-research/hex/internal/plugins/registry.go:48.2,51.43 3 1
github.com/2389-research/hex/internal/plugins/registry.go:55.62,60.16 4 4
github.com/2389-research/hex/internal/plugins/registry.go:60.16,62.34 1 0
github.com/2389-research/hex/internal/plugins/registry.go:62.34,64.4 1 0
github.com/2389-research/hex/internal/plugins/registry.go:65.3,65.79 1 0
github.com/2389-research/hex/internal/plugins/registry.go:68.2,68.33 1 4
github.com/2389-research/hex/internal/plugins/registry.go:68.33,70.3 1 4
github.com/2389-research/hex/internal/plugins/registry.go:72.2,72.12 1 4
github.com/2389-research/hex/internal/plugins/registry.go:76.53,82.2 4 4
github.com/2389-research/hex/internal/plugins/registry.go:85.36,90.30 4 1
github.com/2389-research/hex/internal/plugins/registry.go:90.30,92.3 1 1
github.com/2389-research/hex/internal/plugins/registry.go:93.2,93.14 1 1
github.com/2389-research/hex/internal/plugins/registry.go:97.39,102.35 4 1
github.com/2389-research/hex/internal/plugins/registry.go:102.35,104.3 1 1
github.com/2389-research/hex/internal/plugins/registry.go:105.2,105.16 1 1
github.com/2389-research/hex/internal/plugins/registry.go:109.49,111.2 1 1
github.com/2389-research/hex/internal/plugins/registry.go:114.49,122.2 4 2
github.com/2389-research/hex/internal/plugins/registry.go:125.46,127.2 1 1
github.com/2389-research/hex/internal/plugins/registry.go:130.46,132.2 1 2
github.com/2389-research/hex/internal/plugins/registry.go:135.47,143.2 4 2
github.com/2389-research/hex/internal/plugins/registry.go:146.55,148.2 1 2
github.com/2389-research/hex/internal/plugins/registry.go:151.45,156.35 4 1
github.com/2389-research/hex/internal/plugins/registry.go:156.35,158.3 1 1
github.com/2389-research/hex/internal/plugins/registry.go:159.2,159.14 1 1
github.com/2389-research/hex/internal/plugins/registry.go:163.47,168.35 4 1
github.com/2389-research/hex/internal/plugins/registry.go:168.35,170.3 1 1
github.com/2389-research/hex/internal/plugins/registry.go:171.2,171.14 1 1
github.com/2389-research/hex/internal/plugins/registry.go:175.45,180.35 4 1
github.com/2389-research/hex/internal/plugins/registry.go:180.35,182.3 1 1
github.com/2389-research/hex/internal/plugins/registry.go:183.2,183.14 1 1
github.com/2389-research/hex/internal/plugins/registry.go:187.48,192.35 4 1
github.com/2389-research/hex/internal/plugins/registry.go:192.35,194.3 1 1
github.com/2389-research/hex/internal/plugins/registry.go:195.2,195.14 1 1
github.com/2389-research/hex/internal/plugins/registry.go:199.67,205.35 4 1
github.com/2389-research/hex/internal/plugins/registry.go:205.35,206.35 1 1
github.com/2389-research/hex/internal/plugins/registry.go:206.35,207.12 1 1
github.com/2389-research/hex/internal/plugins/registry.go:211.3,211.55 1 0
github.com/2389-research/hex/internal/plugins/registry.go:211.55,212.49 1 0
github.com/2389-research/hex/internal/plugins/registry.go:212.49,214.5 1 0
github.com/2389-research/hex/internal/plugins/registry.go:217.4,217.29 1 0
github.com/2389-research/hex/internal/plugins/registry.go:218.32,219.57 1 0
github.com/2389-research/hex/internal/plugins/registry.go:220.23,221.28 1 0
github.com/2389-research/hex/internal/plugins/registry.go:221.28,222.58 1 0
github.com/2389-research/hex/internal/plugins/registry.go:222.58,224.7 1 0
github.com/2389-research/hex/internal/plugins/registry.go:230.2,230.17 1 1
github.com/2389-research/hex/internal/plugins/registry.go:234.57,240.35 4 1
github.com/2389-research/hex/internal/plugins/registry.go:240.35,241.40 1 1
github.com/2389-research/hex/internal/plugins/registry.go:241.40,242.12 1 1
github.com/2389-research/hex/internal/plugins/registry.go:246.3,246.56 1 0
github.com/2389-research/hex/internal/plugins/registry.go:246.56,250.4 2 0
github.com/2389-research/hex/internal/plugins/registry.go:253.2,253.19 1 1
github.com/2389-research/hex/internal/plugins/registry.go:257.32,262.2 3 1
github.com/2389-research/hex/internal/plugins/registry.go:265.43,267.2 1 1
github.com/2389-research/hex/internal/plugins/registry.go:270.42,272.2 1 1
github.com/2389-research/hex/internal/plugins/state.go:29.50,31.54 1 20
github.com/2389-research/hex/internal/plugins/state.go:31.54,35.3 1 18
github.com/2389-research/hex/internal/plugins/state.go:38.2,39.16 2 2
github.com/2389-research/hex/internal/plugins/state.go:39.16,41.3 1 0
github.com/2389-research/hex/internal/plugins/state.go:43.2,44.53 2 2
github.com/2389-research/hex/internal/plugins/state.go:44.53,46.3 1 0
github.com/2389-research/hex/internal/plugins/state.go:49.2,49.26 1 2
github.com/2389-research/hex/internal/plugins/state.go:49.26,51.3 1 0
github.com/2389-research/hex/internal/plugins/state.go:53.2,53.20 1 2
github.com/2389-research/hex/internal/plugins/state.go:57.46,60.67 1 13
github.com/2389-research/hex/internal/plugins/state.go:60.67,62.3 1 0
github.com/2389-research/hex/internal/plugins/state.go:64.2,65.16 2 13
github.com/2389-research/hex/internal/plugins/state.go:65.16,67.3 1 0
github.com/2389-research/hex/internal/plugins/state.go:70.2,70.60 1 13
github.com/2389-research/hex/internal/plugins/state.go:70.60,72.3 1 0
github.com/2389-research/hex/internal/plugins/state.go:74.2,74.12 1 13
github.com/2389-research/hex/internal/plugins/state.go:78.55,85.2 1 18
github.com/2389-research/hex/internal/plugins/state.go:88.43,90.2 1 3
github.com/2389-research/hex/internal/plugins/state.go:93.58,95.13 2 2
github.com/2389-research/hex/internal/plugins/state.go:95.13,97.3 1 1
github.com/2389-research/hex/internal/plugins/state.go:99.2,101.12 3 1
github.com/2389-research/hex/internal/plugins/state.go:105.49,107.13 2 4
github.com/2389-research/hex/internal/plugins/state.go:107.13,109.3 1 1
github.com/2389-research/hex/internal/plugins/state.go:111.2,112.12 2 3
github.com/2389-research/hex/internal/plugins/state.go:116.50,118.13 2 6
github.com/2389-research/hex/internal/plugins/state.go:118.13,120.3 1 1
github.com/2389-research/hex/internal/plugins/state.go:122.2,123.12 2 5
github.com/2389-research/hex/internal/plugins/state.go:127.45,129.13 2 23
github.com/2389-research/hex/internal/plugins/state.go:129.13,131.3 1 6
github.com/2389-research/hex/internal/plugins/state.go:132.2,132.23 1 17
github.com/2389-research/hex/internal/plugins/state.go:136.47,139.2 2 39
github.com/2389-research/hex/internal/plugins/state.go:142.62,144.13 2 7
github.com/2389-research/hex/internal/plugins/state.go:144.13,146.3 1 1
github.com/2389-research/hex/internal/plugins/state.go:147.2,147.20 1 6
github.com/2389-research/hex/internal/plugins/state.go:151.40,153.38 2 1
github.com/2389-research/hex/internal/plugins/state.go:153.38,154.21 1 3
github.com/2389-research/hex/internal/plugins/state.go:154.21,156.4 1 2
github.com/2389-research/hex/internal/plugins/state.go:158.2,158.16 1 1
github.com/2389-research/hex/internal/plugins/state.go:162.36,165.30 2 1
github.com/2389-research/hex/internal/plugins/state.go:165.30,167.3 1 3
github.com/2389-research/hex/internal/plugins/state.go:168.2,168.12 1 1
github.com/2389-research/hex/internal/permissions/checker.go:18.51,19.18 1 11
github.com/2389-research/hex/internal/permissions/checker.go:19.18,21.3 1 4
github.com/2389-research/hex/internal/permissions/checker.go:22.2,25.3 1 11
github.com/2389-research/hex/internal/permissions/checker.go:44.80,50.38 2 16
github.com/2389-research/hex/internal/permissions/checker.go:50.38,54.29 3 7
github.com/2389-research/hex/internal/permissions/checker.go:54.29,56.4 1 5
github.com/2389-research/hex/internal/permissions/checker.go:56.9,58.4 1 2
github.com/2389-research/hex/internal/permissions/checker.go:59.3,59.16 1 7
github.com/2389-research/hex/internal/permissions/checker.go:63.2,63.16 1 9
github.com/2389-research/hex/internal/permissions/checker.go:64.16,67.58 3 6
github.com/2389-research/hex/internal/permissions/checker.go:69.16,72.51 3 1
github.com/2389-research/hex/internal/permissions/checker.go:74.15,77.66 3 2
github.com/2389-research/hex/internal/permissions/checker.go:79.10,82.63 3 0
github.com/2389-research/hex/internal/permissions/checker.go:85.2,85.15 1 9
github.com/2389-research/hex/internal/permissions/checker.go:89.34,91.2 1 1
github.com/2389-research/hex/internal/permissions/checker.go:94.37,96.2 1 0
github.com/2389-research/hex/internal/permissions/checker.go:99.44,101.2 1 3
github.com/2389-research/hex/internal/permissions/checker.go:104.40,106.2 1 3
github.com/2389-research/hex/internal/permissions/config.go:23.30,29.2 1 2
github.com/2389-research/hex/internal/permissions/config.go:32.35,40.2 1 5
github.com/2389-research/hex/internal/permissions/config.go:43.48,44.37 1 1
github.com/2389-research/hex/internal/permissions/config.go:44.37,46.3 1 0
github.com/2389-research/hex/internal/permissions/config.go:48.2,49.39 2 1
github.com/2389-research/hex/internal/permissions/config.go:53.34,57.29 3 3
github.com/2389-research/hex/internal/permissions/config.go:57.29,59.3 1 1
github.com/2389-research/hex/internal/permissions/config.go:61.2,61.32 1 3
github.com/2389-research/hex/internal/permissions/config.go:61.32,63.3 1 1
github.com/2389-research/hex/internal/permissions/config.go:65.2,66.29 2 3
github.com/2389-research/hex/internal/permissions/config.go:66.29,67.12 1 5
github.com/2389-research/hex/internal/permissions/config.go:67.12,69.4 1 2
github.com/2389-research/hex/internal/permissions/config.go:70.3,70.17 1 5
github.com/2389-research/hex/internal/permissions/config.go:72.2,74.15 2 3
github.com/2389-research/hex/internal/permissions/mode.go:24.31,25.11 1 6
github.com/2389-research/hex/internal/permissions/mode.go:26.15,27.15 1 3
github.com/2389-research/hex/internal/permissions/mode.go:28.16,29.16 1 2
github.com/2389-research/hex/internal/permissions/mode.go:30.16,31.16 1 1
github.com/2389-research/hex/internal/permissions/mode.go:32.10,33.19 1 0
github.com/2389-research/hex/internal/permissions/mode.go:38.40,39.47 1 9
github.com/2389-research/hex/internal/permissions/mode.go:40.13,41.22 1 3
github.com/2389-research/hex/internal/permissions/mode.go:42.14,43.23 1 2
github.com/2389-research/hex/internal/permissions/mode.go:44.14,45.23 1 2
github.com/2389-research/hex/internal/permissions/mode.go:46.10,47.96 1 2
github.com/2389-research/hex/internal/permissions/rules.go:22.52,27.2 1 33
github.com/2389-research/hex/internal/permissions/rules.go:35.53,39.30 2 34
github.com/2389-research/hex/internal/permissions/rules.go:39.30,41.3 1 8
github.com/2389-research/hex/internal/permissions/rules.go:44.2,44.30 1 26
github.com/2389-research/hex/internal/permissions/rules.go:44.30,46.3 1 9
github.com/2389-research/hex/internal/permissions/rules.go:49.2,49.30 1 17
github.com/2389-research/hex/internal/permissions/rules.go:53.49,54.41 1 17
github.com/2389-research/hex/internal/permissions/rules.go:54.41,55.39 1 20
github.com/2389-research/hex/internal/permissions/rules.go:55.39,57.4 1 11
github.com/2389-research/hex/internal/permissions/rules.go:59.2,59.14 1 6
github.com/2389-research/hex/internal/permissions/rules.go:63.52,64.47 1 34
github.com/2389-research/hex/internal/permissions/rules.go:64.47,65.42 1 19
github.com/2389-research/hex/internal/permissions/rules.go:65.42,67.4 1 8
github.com/2389-research/hex/internal/permissions/rules.go:69.2,69.14 1 26
github.com/2389-research/hex/internal/permissions/rules.go:74.51,79.25 3 46
github.com/2389-research/hex/internal/permissions/rules.go:79.25,81.3 1 17
github.com/2389-research/hex/internal/permissions/rules.go:84.2,85.34 2 29
github.com/2389-research/hex/internal/permissions/rules.go:85.34,86.63 1 115
github.com/2389-research/hex/internal/permissions/rules.go:86.63,88.4 1 8
github.com/2389-research/hex/internal/permissions/rules.go:91.2,91.14 1 21
github.com/2389-research/hex/internal/permissions/rules.go:96.44,100.2 3 131
github.com/2389-research/hex/internal/permissions/rules.go:103.50,105.29 2 66
github.com/2389-research/hex/internal/permissions/rules.go:105.29,107.17 2 32
github.com/2389-research/hex/internal/permissions/rules.go:107.17,109.4 1 32
github.com/2389-research/hex/internal/permissions/rules.go:111.2,111.19 1 66
github.com/2389-research/hex/internal/permissions/rules.go:115.37,117.2 1 12
github.com/2389-research/hex/internal/permissions/rules.go:120.36,122.2 1 5
github.com/2389-research/hex/internal/skills/loader.go:26.26,38.2 4 1
github.com/2389-research/hex/internal/skills/loader.go:42.46,57.43 4 3
github.com/2389-research/hex/internal/skills/loader.go:57.43,62.3 1 0
github.com/2389-research/hex/internal/skills/loader.go:65.2,70.30 2 3
github.com/2389-research/hex/internal/skills/loader.go:70.30,71.20 1 9
github.com/2389-research/hex/internal/skills/loader.go:71.20,72.12 1 3
github.com/2389-research/hex/internal/skills/loader.go:75.3,76.17 2 6
github.com/2389-research/hex/internal/skills/loader.go:76.17,78.26 1 2
github.com/2389-research/hex/internal/skills/loader.go:78.26,79.13 1 2
github.com/2389-research/hex/internal/skills/loader.go:81.4,81.67 1 0
github.com/2389-research/hex/internal/skills/loader.go:84.3,84.32 1 4
github.com/2389-research/hex/internal/skills/loader.go:84.32,86.60 1 4
github.com/2389-research/hex/internal/skills/loader.go:86.60,89.5 1 1
github.com/2389-research/hex/internal/skills/loader.go:89.10,91.5 1 3
github.com/2389-research/hex/internal/skills/loader.go:92.4,92.36 1 4
github.com/2389-research/hex/internal/skills/loader.go:97.2,98.33 2 3
github.com/2389-research/hex/internal/skills/loader.go:98.33,100.3 1 3
github.com/2389-research/hex/internal/skills/loader.go:103.2,103.41 1 3
github.com/2389-research/hex/internal/skills/loader.go:103.41,104.47 1 1
github.com/2389-research/hex/internal/skills/loader.go:104.47,106.4 1 1
github.com/2389-research/hex/internal/skills/loader.go:107.3,107.41 1 0
github.com/2389-research/hex/internal/skills/loader.go:110.2,110.20 1 3
github.com/2389-research/hex/internal/skills/loader.go:114.68,117.16 2 10
github.com/2389-research/hex/internal/skills/loader.go:117.16,119.3 1 2
github.com/2389-research/hex/internal/skills/loader.go:120.2,120.19 1 8
github.com/2389-research/hex/internal/skills/loader.go:120.19,122.3 1 1
github.com/2389-research/hex/internal/skills/loader.go:125.2,126.80 2 7
github.com/2389-research/hex/internal/skills/loader.go:126.80,127.17 1 19
github.com/2389-research/hex/internal/skills/loader.go:127.17,129.4 1 0
github.com/2389-research/hex/internal/skills/loader.go:130.3,130.78 1 19
github.com/2389-research/hex/internal/skills/loader.go:130.78,132.4 1 9
github.com/2389-research/hex/internal/skills/loader.go:133.3,133.13 1 19
github.com/2389-research/hex/internal/skills/loader.go:135.2,135.16 1 7
github.com/2389-research/hex/internal/skills/loader.go:135.16,137.3 1 0
github.com/2389-research/hex/internal/skills/loader.go:140.2,141.34 2 7
github.com/2389-research/hex/internal/skills/loader.go:141.34,143.17 2 9
github.com/2389-research/hex/internal/skills/loader.go:143.17,146.12 2 1
github.com/2389-research/hex/internal/skills/loader.go:148.3,149.33 2 8
github.com/2389-research/hex/internal/skills/loader.go:152.2,152.20 1 7
github.com/2389-research/hex/internal/skills/loader.go:156.58,167.30 2 3
github.com/2389-research/hex/internal/skills/loader.go:167.30,168.20 1 6
github.com/2389-research/hex/internal/skills/loader.go:168.20,169.12 1 2
github.com/2389-research/hex/internal/skills/loader.go:173.3,174.42 2 4
github.com/2389-research/hex/internal/skills/loader.go:174.42,175.12 1 2
github.com/2389-research/hex/internal/skills/loader.go:178.3,179.17 2 2
github.com/2389-research/hex/internal/skills/loader.go:179.17,181.4 1 0
github.com/2389-research/hex/internal/skills/loader.go:182.3,183.20 2 2
github.com/2389-research/hex/internal/skills/loader.go:186.2,186.53 1 1
github.com/2389-research/hex/internal/skills/registry.go:20.30,24.2 1 28
github.com/2389-research/hex/internal/skills/registry.go:27.49,31.18 3 46
github.com/2389-research/hex/internal/skills/registry.go:31.18,33.3 1 0
github.com/2389-research/hex/internal/skills/registry.go:35.2,35.22 1 46
github.com/2389-research/hex/internal/skills/registry.go:35.22,37.3 1 1
github.com/2389-research/hex/internal/skills/registry.go:40.2,41.12 2 45
github.com/2389-research/hex/internal/skills/registry.go:45.53,50.13 4 9
github.com/2389-research/hex/internal/skills/registry.go:50.13,52.3 1 4
github.com/2389-research/hex/internal/skills/registry.go:54.2,54.19 1 5
github.com/2389-research/hex/internal/skills/registry.go:58.36,63.29 4 12
github.com/2389-research/hex/internal/skills/registry.go:63.29,65.3 1 24
github.com/2389-research/hex/internal/skills/registry.go:66.2,67.14 2 12
github.com/2389-research/hex/internal/skills/registry.go:71.35,76.33 4 1
github.com/2389-research/hex/internal/skills/registry.go:76.33,78.3 1 3
github.com/2389-research/hex/internal/skills/registry.go:81.2,81.41 1 1
github.com/2389-research/hex/internal/skills/registry.go:81.41,82.47 1 3
github.com/2389-research/hex/internal/skills/registry.go:82.47,84.4 1 3
github.com/2389-research/hex/internal/skills/registry.go:85.3,85.41 1 0
github.com/2389-research/hex/internal/skills/registry.go:88.2,88.15 1 1
github.com/2389-research/hex/internal/skills/registry.go:92.56,97.33 4 5
github.com/2389-research/hex/internal/skills/registry.go:97.33,98.34 1 15
github.com/2389-research/hex/internal/skills/registry.go:98.34,100.4 1 7
github.com/2389-research/hex/internal/skills/registry.go:104.2,104.42 1 5
github.com/2389-research/hex/internal/skills/registry.go:104.42,105.49 1 3
github.com/2389-research/hex/internal/skills/registry.go:105.49,107.4 1 0
github.com/2389-research/hex/internal/skills/registry.go:108.3,108.43 1 3
github.com/2389-research/hex/internal/skills/registry.go:111.2,111.16 1 5
github.com/2389-research/hex/internal/skills/registry.go:115.59,120.33 4 3
github.com/2389-research/hex/internal/skills/registry.go:120.33,121.36 1 9
github.com/2389-research/hex/internal/skills/registry.go:121.36,123.4 1 2
github.com/2389-research/hex/internal/skills/registry.go:127.2,127.42 1 3
github.com/2389-research/hex/internal/skills/registry.go:127.42,128.49 1 0
github.com/2389-research/hex/internal/skills/registry.go:128.49,130.4 1 0
github.com/2389-research/hex/internal/skills/registry.go:131.3,131.43 1 0
github.com/2389-research/hex/internal/skills/registry.go:134.2,134.16 1 3
github.com/2389-research/hex/internal/skills/registry.go:138.50,145.33 5 12
github.com/2389-research/hex/internal/skills/registry.go:145.33,149.64 2 26
github.com/2389-research/hex/internal/skills/registry.go:149.64,151.4 1 6
github.com/2389-research/hex/internal/skills/registry.go:154.3,154.83 1 26
github.com/2389-research/hex/internal/skills/registry.go:154.83,156.4 1 4
github.com/2389-research/hex/internal/skills/registry.go:159.3,159.15 1 26
github.com/2389-research/hex/internal/skills/registry.go:159.15,160.35 1 16
github.com/2389-research/hex/internal/skills/registry.go:160.35,161.59 1 16
github.com/2389-research/hex/internal/skills/registry.go:161.59,163.11 2 1
github.com/2389-research/hex/internal/skills/registry.go:168.3,168.14 1 26
github.com/2389-research/hex/internal/skills/registry.go:168.14,170.4 1 11
github.com/2389-research/hex/internal/skills/registry.go:174.2,174.42 1 12
github.com/2389-research/hex/internal/skills/registry.go:174.42,175.49 1 0
github.com/2389-research/hex/internal/skills/registry.go:175.49,177.4 1 0
github.com/2389-research/hex/internal/skills/registry.go:178.3,178.43 1 0
github.com/2389-research/hex/internal/skills/registry.go:181.2,181.16 1 12
github.com/2389-research/hex/internal/skills/registry.go:185.32,189.2 3 9
github.com/2389-research/hex/internal/skills/registry.go:192.28,196.2 3 1
github.com/2389-research/hex/internal/skills/registry.go:199.53,200.31 1 15
github.com/2389-research/hex/internal/skills/registry.go:200.31,201.37 1 24
github.com/2389-research/hex/internal/skills/registry.go:201.37,202.37 1 26
github.com/2389-research/hex/internal/skills/registry.go:202.37,204.5 1 7
github.com/2389-research/hex/internal/skills/registry.go:207.2,207.14 1 8
github.com/2389-research/hex/internal/skills/skill.go:53.41,55.16 2 13
github.com/2389-research/hex/internal/skills/skill.go:55.16,57.3 1 1
github.com/2389-research/hex/internal/skills/skill.go:59.2,59.31 1 12
github.com/2389-research/hex/internal/skills/skill.go:63.59,66.16 2 18
github.com/2389-research/hex/internal/skills/skill.go:66.16,68.3 1 1
github.com/2389-research/hex/internal/skills/skill.go:71.2,72.17 2 17
github.com/2389-research/hex/internal/skills/skill.go:72.17,73.52 1 16
github.com/2389-research/hex/internal/skills/skill.go:73.52,75.4 1 0
github.com/2389-research/hex/internal/skills/skill.go:79.2,79.22 1 17
github.com/2389-research/hex/internal/skills/skill.go:79.22,81.3 1 2
github.com/2389-research/hex/internal/skills/skill.go:82.2,82.29 1 15
github.com/2389-research/hex/internal/skills/skill.go:82.29,84.3 1 2
github.com/2389-research/hex/internal/skills/skill.go:87.2,87.25 1 13
github.com/2389-research/hex/internal/skills/skill.go:87.25,89.3 1 8
github.com/2389-research/hex/internal/skills/skill.go:92.2,98.51 4 13
github.com/2389-research/hex/internal/skills/skill.go:98.51,100.17 2 1
github.com/2389-research/hex/internal/skills/skill.go:100.17,102.4 1 1
github.com/2389-research/hex/internal/skills/skill.go:105.2,105.20 1 13
github.com/2389-research/hex/internal/skills/skill.go:111.53,113.33 1 19
github.com/2389-research/hex/internal/skills/skill.go:113.33,115.41 2 0
github.com/2389-research/hex/internal/skills/skill.go:115.41,116.32 1 0
github.com/2389-research/hex/internal/skills/skill.go:116.32,118.5 1 0
github.com/2389-research/hex/internal/skills/skill.go:120.3,120.15 1 0
github.com/2389-research/hex/internal/skills/skill.go:124.2,124.36 1 19
github.com/2389-research/hex/internal/skills/skill.go:124.36,126.3 1 4
github.com/2389-research/hex/internal/skills/skill.go:128.2,129.47 2 15
github.com/2389-research/hex/internal/skills/skill.go:129.47,131.17 2 30
github.com/2389-research/hex/internal/skills/skill.go:131.17,133.12 1 1
github.com/2389-research/hex/internal/skills/skill.go:135.3,135.31 1 29
github.com/2389-research/hex/internal/skills/skill.go:135.31,137.4 1 9
github.com/2389-research/hex/internal/skills/skill.go:140.2,140.14 1 6
github.com/2389-research/hex/internal/skills/skill.go:144.33,146.2 1 1
github.com/2389-research/hex/internal/skills/tool.go:27.50,31.2 1 12
github.com/2389-research/hex/internal/skills/tool.go:34.35,36.2 1 1
github.com/2389-research/hex/internal/skills/tool.go:39.42,41.2 1 1
github.com/2389-research/hex/internal/skills/tool.go:44.69,47.2 1 1
github.com/2389-research/hex/internal/skills/tool.go:50.100,53.26 2 7
github.com/2389-research/hex/internal/skills/tool.go:53.26,59.3 1 2
github.com/2389-research/hex/internal/skills/tool.go:62.2,63.16 2 5
github.com/2389-research/hex/internal/skills/tool.go:63.16,67.27 3 2
github.com/2389-research/hex/internal/skills/tool.go:67.27,69.4 1 1
github.com/2389-research/hex/internal/skills/tool.go:70.3,80.9 2 2
github.com/2389-research/hex/internal/skills/tool.go:84.2,97.8 2 3
github.com/2389-research/hex/internal/skills/tool.go:101.62,106.33 4 7
github.com/2389-research/hex/internal/skills/tool.go:106.33,109.89 2 17
github.com/2389-research/hex/internal/skills/tool.go:109.89,111.4 1 7
github.com/2389-research/hex/internal/skills/tool.go:114.2,114.16 1 7
github.com/2389-research/hex/internal/skills/tool.go:118.48,129.25 7 6
github.com/2389-research/hex/internal/skills/tool.go:129.25,131.3 1 3
github.com/2389-research/hex/internal/skills/tool.go:132.2,132.25 1 6
github.com/2389-research/hex/internal/skills/tool.go:132.25,134.3 1 3
github.com/2389-research/hex/internal/skills/tool.go:135.2,135.25 1 6
github.com/2389-research/hex/internal/skills/tool.go:135.25,137.3 1 3
github.com/2389-research/hex/internal/skills/tool.go:138.2,148.20 6 6
github.com/2389-research/hex/internal/skills/tool_adapter.go:18.54,22.2 1 0
github.com/2389-research/hex/internal/skills/tool_adapter.go:25.37,27.2 1 0
github.com/2389-research/hex/internal/skills/tool_adapter.go:30.44,32.2 1 0
github.com/2389-research/hex/internal/skills/tool_adapter.go:35.76,37.2 1 0
github.com/2389-research/hex/internal/skills/tool_adapter.go:40.106,42.16 2 0
github.com/2389-research/hex/internal/skills/tool_adapter.go:42.16,44.3 1 0
github.com/2389-research/hex/internal/skills/tool_adapter.go:47.2,53.8 1 0
github.com/2389-research/hex/internal/frontmatter/parser.go:28.66,30.90 1 7
github.com/2389-research/hex/internal/frontmatter/parser.go:30.90,33.3 1 1
github.com/2389-research/hex/internal/frontmatter/parser.go:36.2,41.39 4 6
github.com/2389-research/hex/internal/frontmatter/parser.go:41.39,43.3 1 2
github.com/2389-research/hex/internal/frontmatter/parser.go:45.2,45.35 1 6
github.com/2389-research/hex/internal/frontmatter/parser.go:45.35,47.39 2 208
github.com/2389-research/hex/internal/frontmatter/parser.go:47.39,49.9 2 4
github.com/2389-research/hex/internal/frontmatter/parser.go:53.2,53.18 1 6
github.com/2389-research/hex/internal/frontmatter/parser.go:53.18,55.3 1 2
github.com/2389-research/hex/internal/frontmatter/parser.go:58.2,62.27 3 4
github.com/2389-research/hex/internal/frontmatter/parser.go:62.27,65.3 2 4
github.com/2389-research/hex/internal/frontmatter/parser.go:67.2,67.34 1 4
github.com/2389-research/hex/internal/context/manager.go:51.41,56.2 1 6
github.com/2389-research/hex/internal/context/manager.go:60.38,61.16 1 1650
github.com/2389-research/hex/internal/context/manager.go:61.16,63.3 1 1
github.com/2389-research/hex/internal/context/manager.go:64.2,64.56 1 1649
github.com/2389-research/hex/internal/context/manager.go:68.50,73.37 3 1645
github.com/2389-research/hex/internal/context/manager.go:73.37,77.3 2 2
github.com/2389-research/hex/internal/context/manager.go:79.2,79.15 1 1645
github.com/2389-research/hex/internal/context/manager.go:83.58,85.31 2 17
github.com/2389-research/hex/internal/context/manager.go:85.31,87.3 1 1131
github.com/2389-research/hex/internal/context/manager.go:88.2,88.14 1 17
github.com/2389-research/hex/internal/context/manager.go:97.74,98.24 1 10
github.com/2389-research/hex/internal/context/manager.go:98.24,100.3 1 1
github.com/2389-research/hex/internal/context/manager.go:102.2,103.32 2 9
github.com/2389-research/hex/internal/context/manager.go:103.32,105.3 1 5
github.com/2389-research/hex/internal/context/manager.go:108.2,108.24 1 4
github.com/2389-research/hex/internal/context/manager.go:108.24,110.3 1 0
github.com/2389-research/hex/internal/context/manager.go:112.2,117.34 4 4
github.com/2389-research/hex/internal/context/manager.go:117.34,121.3 3 3
github.com/2389-research/hex/internal/context/manager.go:124.2,125.31 2 4
github.com/2389-research/hex/internal/context/manager.go:125.31,126.21 1 513
github.com/2389-research/hex/internal/context/manager.go:126.21,127.12 1 3
github.com/2389-research/hex/internal/context/manager.go:129.3,129.29 1 510
github.com/2389-research/hex/internal/context/manager.go:129.29,131.4 1 0
github.com/2389-research/hex/internal/context/manager.go:136.2,141.49 4 4
github.com/2389-research/hex/internal/context/manager.go:141.49,145.67 3 510
github.com/2389-research/hex/internal/context/manager.go:145.67,149.4 3 11
github.com/2389-research/hex/internal/context/manager.go:153.2,156.61 2 4
github.com/2389-research/hex/internal/context/manager.go:156.61,157.26 1 499
github.com/2389-research/hex/internal/context/manager.go:157.26,160.41 3 0
github.com/2389-research/hex/internal/context/manager.go:160.41,163.5 2 0
github.com/2389-research/hex/internal/context/manager.go:168.2,172.21 3 4
github.com/2389-research/hex/internal/context/manager.go:172.21,174.3 1 0
github.com/2389-research/hex/internal/context/manager.go:175.2,175.48 1 4
github.com/2389-research/hex/internal/context/manager.go:175.48,177.3 1 0
github.com/2389-research/hex/internal/context/manager.go:179.2,182.43 2 4
github.com/2389-research/hex/internal/context/manager.go:182.43,184.3 1 0
github.com/2389-research/hex/internal/context/manager.go:186.2,186.15 1 4
github.com/2389-research/hex/internal/context/manager.go:190.61,193.2 2 2
github.com/2389-research/hex/internal/context/manager.go:196.65,198.2 1 2
github.com/2389-research/hex/internal/context/manager.go:201.66,211.2 3 2
github.com/2389-research/hex/internal/context/summarizer.go:23.53,28.2 1 4
github.com/2389-research/hex/internal/context/summarizer.go:31.102,32.24 1 2
github.com/2389-research/hex/internal/context/summarizer.go:32.24,34.3 1 1
github.com/2389-research/hex/internal/context/summarizer.go:37.2,38.42 2 1
github.com/2389-research/hex/internal/context/summarizer.go:38.42,40.3 1 1
github.com/2389-research/hex/internal/context/summarizer.go:43.2,67.16 4 0
github.com/2389-research/hex/internal/context/summarizer.go:67.16,69.3 1 0
github.com/2389-research/hex/internal/context/summarizer.go:71.2,76.21 3 0
github.com/2389-research/hex/internal/context/summarizer.go:80.71,83.31 2 5
github.com/2389-research/hex/internal/context/summarizer.go:83.31,86.3 2 9
github.com/2389-research/hex/internal/context/summarizer.go:87.2,87.42 1 5
github.com/2389-research/hex/internal/context/summarizer.go:91.69,93.31 2 1
github.com/2389-research/hex/internal/context/summarizer.go:93.31,95.3 1 3
github.com/2389-research/hex/internal/context/summarizer.go:96.2,96.20 1 1
github.com/2389-research/hex/internal/context/summarizer.go:100.56,110.2 1 1
github.com/2389-research/hex/internal/context/summarizer.go:113.35,115.2 1 1
github.com/2389-research/hex/internal/commands/command.go:37.43,39.16 2 11
github.com/2389-research/hex/internal/commands/command.go:39.16,41.3 1 0
github.com/2389-research/hex/internal/commands/command.go:43.2,43.31 1 11
github.com/2389-research/hex/internal/commands/command.go:47.61,50.16 2 17
github.com/2389-research/hex/internal/commands/command.go:50.16,52.3 1 1
github.com/2389-research/hex/internal/commands/command.go:55.2,56.17 2 16
github.com/2389-research/hex/internal/commands/command.go:56.17,57.50 1 15
github.com/2389-research/hex/internal/commands/command.go:57.50,59.4 1 0
github.com/2389-research/hex/internal/commands/command.go:63.2,63.20 1 16
github.com/2389-research/hex/internal/commands/command.go:63.20,65.3 1 2
github.com/2389-research/hex/internal/commands/command.go:66.2,66.27 1 14
github.com/2389-research/hex/internal/commands/command.go:66.27,68.3 1 2
github.com/2389-research/hex/internal/commands/command.go:71.2,74.18 3 12
github.com/2389-research/hex/internal/commands/command.go:78.71,81.16 2 10
github.com/2389-research/hex/internal/commands/command.go:81.16,83.3 1 2
github.com/2389-research/hex/internal/commands/command.go:86.2,87.49 2 8
github.com/2389-research/hex/internal/commands/command.go:87.49,89.3 1 0
github.com/2389-research/hex/internal/commands/command.go:91.2,91.26 1 8
github.com/2389-research/hex/internal/commands/command.go:95.35,97.2 1 0
github.com/2389-research/hex/internal/commands/command.go:100.34,102.2 1 13
github.com/2389-research/hex/internal/commands/command.go:105.39,107.27 2 3
github.com/2389-research/hex/internal/commands/command.go:107.27,109.3 1 4
github.com/2389-research/hex/internal/commands/command.go:110.2,110.14 1 3
github.com/2389-research/hex/internal/commands/command.go:114.40,118.17 3 5
github.com/2389-research/hex/internal/commands/command.go:118.17,119.40 1 3
github.com/2389-research/hex/internal/commands/command.go:119.40,121.4 1 4
github.com/2389-research/hex/internal/commands/command.go:124.2,124.20 1 5
github.com/2389-research/hex/internal/commands/loader.go:25.26,37.2 4 1
github.com/2389-research/hex/internal/commands/loader.go:41.48,56.43 4 3
github.com/2389-research/hex/internal/commands/loader.go:56.43,61.3 1 0
github.com/2389-research/hex/internal/commands/loader.go:64.2,69.30 2 3
github.com/2389-research/hex/internal/commands/loader.go:69.30,70.20 1 9
github.com/2389-research/hex/internal/commands/loader.go:70.20,71.12 1 2
github.com/2389-research/hex/internal/commands/loader.go:74.3,75.17 2 7
github.com/2389-research/hex/internal/commands/loader.go:75.17,77.26 1 0
github.com/2389-research/hex/internal/commands/loader.go:77.26,78.13 1 0
github.com/2389-research/hex/internal/commands/loader.go:80.4,80.69 1 0
github.com/2389-research/hex/internal/commands/loader.go:83.3,83.32 1 7
github.com/2389-research/hex/internal/commands/loader.go:83.32,85.60 1 7
github.com/2389-research/hex/internal/commands/loader.go:85.60,88.5 1 2
github.com/2389-research/hex/internal/commands/loader.go:88.10,90.5 1 5
github.com/2389-research/hex/internal/commands/loader.go:91.4,91.34 1 7
github.com/2389-research/hex/internal/commands/loader.go:96.2,97.33 2 3
github.com/2389-research/hex/internal/commands/loader.go:97.33,99.3 1 5
github.com/2389-research/hex/internal/commands/loader.go:102.2,102.41 1 3
github.com/2389-research/hex/internal/commands/loader.go:102.41,104.3 1 3
github.com/2389-research/hex/internal/commands/loader.go:106.2,106.20 1 3
github.com/2389-research/hex/internal/commands/loader.go:110.70,113.16 2 9
github.com/2389-research/hex/internal/commands/loader.go:113.16,115.3 1 1
github.com/2389-research/hex/internal/commands/loader.go:116.2,116.19 1 8
github.com/2389-research/hex/internal/commands/loader.go:116.19,118.3 1 0
github.com/2389-research/hex/internal/commands/loader.go:121.2,122.80 2 8
github.com/2389-research/hex/internal/commands/loader.go:122.80,123.17 1 19
github.com/2389-research/hex/internal/commands/loader.go:123.17,125.4 1 0
github.com/2389-research/hex/internal/commands/loader.go:126.3,126.78 1 19
github.com/2389-research/hex/internal/commands/loader.go:126.78,128.4 1 10
github.com/2389-research/hex/internal/commands/loader.go:129.3,129.13 1 19
github.com/2389-research/hex/internal/commands/loader.go:131.2,131.16 1 8
github.com/2389-research/hex/internal/commands/loader.go:131.16,133.3 1 0
github.com/2389-research/hex/internal/commands/loader.go:136.2,137.36 2 8
github.com/2389-research/hex/internal/commands/loader.go:137.36,139.17 2 10
github.com/2389-research/hex/internal/commands/loader.go:139.17,142.12 2 1
github.com/2389-research/hex/internal/commands/loader.go:144.3,145.35 2 9
github.com/2389-research/hex/internal/commands/loader.go:148.2,148.22 1 8
github.com/2389-research/hex/internal/commands/loader.go:152.60,163.30 2 2
github.com/2389-research/hex/internal/commands/loader.go:163.30,164.20 1 4
github.com/2389-research/hex/internal/commands/loader.go:164.20,165.12 1 1
github.com/2389-research/hex/internal/commands/loader.go:169.3,170.42 2 3
github.com/2389-research/hex/internal/commands/loader.go:170.42,171.12 1 2
github.com/2389-research/hex/internal/commands/loader.go:174.3,175.17 2 1
github.com/2389-research/hex/internal/commands/loader.go:175.17,177.4 1 0
github.com/2389-research/hex/internal/commands/loader.go:178.3,179.18 2 1
github.com/2389-research/hex/internal/commands/loader.go:182.2,182.55 1 1
github.com/2389-research/hex/internal/commands/registry.go:19.30,23.2 1 26
github.com/2389-research/hex/internal/commands/registry.go:26.49,30.20 3 539
github.com/2389-research/hex/internal/commands/registry.go:30.20,32.3 1 1
github.com/2389-research/hex/internal/commands/registry.go:34.2,35.12 2 538
github.com/2389-research/hex/internal/commands/registry.go:39.59,40.31 1 7
github.com/2389-research/hex/internal/commands/registry.go:40.31,41.41 1 18
github.com/2389-research/hex/internal/commands/registry.go:41.41,43.4 1 0
github.com/2389-research/hex/internal/commands/registry.go:45.2,45.12 1 7
github.com/2389-research/hex/internal/commands/registry.go:49.55,54.13 4 1009
github.com/2389-research/hex/internal/commands/registry.go:54.13,56.3 1 3
github.com/2389-research/hex/internal/commands/registry.go:58.2,58.17 1 1006
github.com/2389-research/hex/internal/commands/registry.go:62.42,68.2 4 1004
github.com/2389-research/hex/internal/commands/registry.go:71.36,76.31 4 1012
github.com/2389-research/hex/internal/commands/registry.go:76.31,78.3 1 14317
github.com/2389-research/hex/internal/commands/registry.go:80.2,81.14 2 1012
github.com/2389-research/hex/internal/commands/registry.go:85.37,90.33 4 2
github.com/2389-research/hex/internal/commands/registry.go:90.33,92.3 1 4
github.com/2389-research/hex/internal/commands/registry.go:95.2,95.43 1 2
github.com/2389-research/hex/internal/commands/registry.go:95.43,97.3 1 2
github.com/2389-research/hex/internal/commands/registry.go:99.2,99.17 1 2
github.com/2389-research/hex/internal/commands/registry.go:103.32,108.2 3 7
github.com/2389-research/hex/internal/commands/registry.go:111.28,116.2 3 1
github.com/2389-research/hex/internal/commands/registry.go:119.45,123.44 3 2
github.com/2389-research/hex/internal/commands/registry.go:123.44,125.3 1 1
github.com/2389-research/hex/internal/commands/registry.go:127.2,128.13 2 1
github.com/2389-research/hex/internal/commands/tool.go:20.64,24.2 1 12
github.com/2389-research/hex/internal/commands/tool.go:27.42,29.2 1 1
github.com/2389-research/hex/internal/commands/tool.go:32.49,44.2 1 1
github.com/2389-research/hex/internal/commands/tool.go:47.76,50.2 1 2
github.com/2389-research/hex/internal/commands/tool.go:53.109,55.61 1 8
github.com/2389-research/hex/internal/commands/tool.go:55.61,57.3 1 1
github.com/2389-research/hex/internal/commands/tool.go:60.2,61.26 2 7
github.com/2389-research/hex/internal/commands/tool.go:61.26,67.3 1 1
github.com/2389-research/hex/internal/commands/tool.go:70.2,74.16 3 6
github.com/2389-research/hex/internal/commands/tool.go:74.16,78.27 3 2
github.com/2389-research/hex/internal/commands/tool.go:78.27,80.4 1 1
github.com/2389-research/hex/internal/commands/tool.go:81.3,91.9 2 2
github.com/2389-research/hex/internal/commands/tool.go:96.2,97.86 2 4
github.com/2389-research/hex/internal/commands/tool.go:97.86,99.3 1 1
github.com/2389-research/hex/internal/commands/tool.go:99.8,101.3 1 3
github.com/2389-research/hex/internal/commands/tool.go:104.2,105.16 2 4
github.com/2389-research/hex/internal/commands/tool.go:105.16,115.3 1 1
github.com/2389-research/hex/internal/commands/tool.go:118.2,131.8 2 3
github.com/2389-research/hex/internal/commands/tool.go:135.57,141.24 4 1
github.com/2389-research/hex/internal/commands/tool.go:141.24,143.3 1 0
github.com/2389-research/hex/internal/commands/tool.go:143.8,144.32 1 1
github.com/2389-research/hex/internal/commands/tool.go:144.32,149.21 4 2
github.com/2389-research/hex/internal/commands/tool.go:149.21,151.44 2 1
github.com/2389-research/hex/internal/commands/tool.go:151.44,153.6 1 1
github.com/2389-research/hex/internal/commands/tool.go:156.4,157.29 2 2
github.com/2389-research/hex/internal/commands/tool.go:161.2,169.3 1 1
github.com/2389-research/hex/internal/commands/tool.go:173.71,178.35 4 6
github.com/2389-research/hex/internal/commands/tool.go:178.35,181.89 2 14
github.com/2389-research/hex/internal/commands/tool.go:181.89,183.4 1 6
github.com/2389-research/hex/internal/commands/tool.go:186.2,186.16 1 6
github.com/2389-research/hex/internal/project/finder.go:25.36,27.16 2 2
github.com/2389-research/hex/internal/project/finder.go:27.16,29.3 1 0
github.com/2389-research/hex/internal/project/finder.go:32.2,33.41 2 2
github.com/2389-research/hex/internal/project/finder.go:33.41,35.63 2 12
github.com/2389-research/hex/internal/project/finder.go:35.63,37.4 1 1
github.com/2389-research/hex/internal/project/finder.go:39.3,40.26 2 11
github.com/2389-research/hex/internal/project/finder.go:40.26,41.9 1 1
github.com/2389-research/hex/internal/project/finder.go:43.3,43.21 1 10
github.com/2389-research/hex/internal/project/finder.go:46.2,46.11 1 1
github.com/2389-research/hex/internal/hooks/config.go:62.26,66.2 1 5
github.com/2389-research/hex/internal/hooks/config.go:70.36,75.16 3 0
github.com/2389-research/hex/internal/hooks/config.go:75.16,77.61 2 0
github.com/2389-research/hex/internal/hooks/config.go:77.61,79.27 1 0
github.com/2389-research/hex/internal/hooks/config.go:79.27,81.5 1 0
github.com/2389-research/hex/internal/hooks/config.go:86.2,87.63 2 0
github.com/2389-research/hex/internal/hooks/config.go:87.63,89.26 1 0
github.com/2389-research/hex/internal/hooks/config.go:89.26,91.4 1 0
github.com/2389-research/hex/internal/hooks/config.go:94.2,94.20 1 0
github.com/2389-research/hex/internal/hooks/config.go:98.50,100.16 2 2
github.com/2389-research/hex/internal/hooks/config.go:100.16,102.3 1 0
github.com/2389-research/hex/internal/hooks/config.go:104.2,105.56 2 2
github.com/2389-research/hex/internal/hooks/config.go:105.56,107.3 1 0
github.com/2389-research/hex/internal/hooks/config.go:110.2,110.50 1 2
github.com/2389-research/hex/internal/hooks/config.go:110.50,112.17 2 2
github.com/2389-research/hex/internal/hooks/config.go:112.17,114.4 1 0
github.com/2389-research/hex/internal/hooks/config.go:116.3,116.29 1 2
github.com/2389-research/hex/internal/hooks/config.go:119.2,119.12 1 2
github.com/2389-research/hex/internal/hooks/config.go:124.60,128.16 2 2
github.com/2389-research/hex/internal/hooks/config.go:128.16,130.3 1 0
github.com/2389-research/hex/internal/hooks/config.go:133.2,134.62 2 2
github.com/2389-research/hex/internal/hooks/config.go:134.62,136.31 1 1
github.com/2389-research/hex/internal/hooks/config.go:136.31,138.4 1 1
github.com/2389-research/hex/internal/hooks/config.go:142.2,143.65 2 1
github.com/2389-research/hex/internal/hooks/config.go:143.65,145.3 1 0
github.com/2389-research/hex/internal/hooks/config.go:147.2,147.27 1 1
github.com/2389-research/hex/internal/hooks/config.go:151.61,153.2 1 5
github.com/2389-research/hex/internal/hooks/config.go:156.56,157.21 1 14
github.com/2389-research/hex/internal/hooks/config.go:157.21,159.3 1 2
github.com/2389-research/hex/internal/hooks/config.go:161.2,164.26 2 12
github.com/2389-research/hex/internal/hooks/config.go:164.26,166.10 2 6
github.com/2389-research/hex/internal/hooks/config.go:166.10,168.4 1 0
github.com/2389-research/hex/internal/hooks/config.go:169.3,169.42 1 6
github.com/2389-research/hex/internal/hooks/config.go:169.42,171.4 1 2
github.com/2389-research/hex/internal/hooks/config.go:175.2,175.29 1 10
github.com/2389-research/hex/internal/hooks/config.go:175.29,177.10 2 4
github.com/2389-research/hex/internal/hooks/config.go:177.10,179.4 1 0
github.com/2389-research/hex/internal/hooks/config.go:180.3,180.30 1 4
github.com/2389-research/hex/internal/hooks/config.go:180.30,182.4 1 0
github.com/2389-research/hex/internal/hooks/config.go:183.3,184.29 2 4
github.com/2389-research/hex/internal/hooks/config.go:184.29,186.4 1 2
github.com/2389-research/hex/internal/hooks/config.go:190.2,190.29 1 8
github.com/2389-research/hex/internal/hooks/config.go:190.29,192.36 2 3
github.com/2389-research/hex/internal/hooks/config.go:193.20,194.32 1 3
github.com/2389-research/hex/internal/hooks/config.go:195.30,196.32 1 0
github.com/2389-research/hex/internal/hooks/config.go:197.17,198.32 1 0
github.com/2389-research/hex/internal/hooks/config.go:199.11,201.16 1 0
github.com/2389-research/hex/internal/hooks/config.go:203.3,203.38 1 3
github.com/2389-research/hex/internal/hooks/config.go:203.38,205.4 1 1
github.com/2389-research/hex/internal/hooks/config.go:209.2,209.23 1 7
github.com/2389-research/hex/internal/hooks/config.go:209.23,211.10 2 0
github.com/2389-research/hex/internal/hooks/config.go:211.10,213.4 1 0
github.com/2389-research/hex/internal/hooks/config.go:214.3,214.37 1 0
github.com/2389-research/hex/internal/hooks/config.go:214.37,216.4 1 0
github.com/2389-research/hex/internal/hooks/config.go:219.2,219.13 1 7
github.com/2389-research/hex/internal/hooks/config.go:223.40,224.21 1 7
github.com/2389-research/hex/internal/hooks/config.go:224.21,226.3 1 4
github.com/2389-research/hex/internal/hooks/config.go:227.2,227.19 1 3
github.com/2389-research/hex/internal/hooks/engine.go:20.62,22.16 2 0
github.com/2389-research/hex/internal/hooks/engine.go:22.16,24.3 1 0
github.com/2389-research/hex/internal/hooks/engine.go:26.2,32.8 2 0
github.com/2389-research/hex/internal/hooks/engine.go:37.79,44.2 2 3
github.com/2389-research/hex/internal/hooks/engine.go:47.28,49.2 1 1
github.com/2389-research/hex/internal/hooks/engine.go:52.27,54.2 1 1
github.com/2389-research/hex/internal/hooks/engine.go:58.66,59.16 1 4
github.com/2389-research/hex/internal/hooks/engine.go:59.16,61.3 1 1
github.com/2389-research/hex/internal/hooks/engine.go:63.2,70.21 3 3
github.com/2389-research/hex/internal/hooks/engine.go:70.21,72.3 1 0
github.com/2389-research/hex/internal/hooks/engine.go:75.2,76.29 2 3
github.com/2389-research/hex/internal/hooks/engine.go:76.29,78.33 1 3
github.com/2389-research/hex/internal/hooks/engine.go:78.33,79.12 1 1
github.com/2389-research/hex/internal/hooks/engine.go:83.3,83.17 1 2
github.com/2389-research/hex/internal/hooks/engine.go:83.17,85.4 1 0
github.com/2389-research/hex/internal/hooks/engine.go:85.9,87.46 2 2
github.com/2389-research/hex/internal/hooks/engine.go:87.46,91.5 2 0
github.com/2389-research/hex/internal/hooks/engine.go:96.2,96.19 1 3
github.com/2389-research/hex/internal/hooks/engine.go:96.19,98.3 1 0
github.com/2389-research/hex/internal/hooks/engine.go:99.2,99.12 1 3
github.com/2389-research/hex/internal/hooks/engine.go:103.70,108.2 1 2
github.com/2389-research/hex/internal/hooks/engine.go:111.77,116.2 1 0
github.com/2389-research/hex/internal/hooks/engine.go:119.65,124.2 1 0
github.com/2389-research/hex/internal/hooks/engine.go:127.83,133.2 1 0
github.com/2389-research/hex/internal/hooks/engine.go:136.113,144.2 1 2
github.com/2389-research/hex/internal/hooks/engine.go:147.101,154.2 1 0
github.com/2389-research/hex/internal/hooks/engine.go:157.72,163.2 1 0
github.com/2389-research/hex/internal/hooks/engine.go:166.102,173.2 1 0
github.com/2389-research/hex/internal/hooks/engine.go:176.148,185.2 1 0
github.com/2389-research/hex/internal/hooks/engine.go:188.97,194.2 1 0
github.com/2389-research/hex/internal/hooks/events.go:66.57,71.2 1 4
github.com/2389-research/hex/internal/hooks/events.go:80.55,85.2 1 0
github.com/2389-research/hex/internal/hooks/events.go:94.61,99.2 1 1
github.com/2389-research/hex/internal/hooks/events.go:111.52,118.32 2 3
github.com/2389-research/hex/internal/hooks/events.go:118.32,120.20 2 2
github.com/2389-research/hex/internal/hooks/events.go:120.20,122.4 1 0
github.com/2389-research/hex/internal/hooks/events.go:124.2,124.12 1 3
github.com/2389-research/hex/internal/hooks/events.go:136.62,143.2 1 0
github.com/2389-research/hex/internal/hooks/events.go:153.57,159.2 1 0
github.com/2389-research/hex/internal/hooks/events.go:170.49,176.26 2 0
github.com/2389-research/hex/internal/hooks/events.go:176.26,179.36 2 0
github.com/2389-research/hex/internal/hooks/events.go:179.36,180.13 1 0
github.com/2389-research/hex/internal/hooks/events.go:180.13,182.5 1 0
github.com/2389-research/hex/internal/hooks/events.go:183.4,183.17 1 0
github.com/2389-research/hex/internal/hooks/events.go:185.3,185.35 1 0
github.com/2389-research/hex/internal/hooks/events.go:187.2,187.12 1 0
github.com/2389-research/hex/internal/hooks/events.go:201.57,211.2 1 0
github.com/2389-research/hex/internal/hooks/events.go:221.55,227.2 1 0
github.com/2389-research/hex/internal/hooks/events.go:230.32,233.2 1 1
github.com/2389-research/hex/internal/hooks/events.go:235.34,236.7 1 5
github.com/2389-research/hex/internal/hooks/events.go:236.7,238.3 1 2
github.com/2389-research/hex/internal/hooks/events.go:239.2,239.16 1 3
github.com/2389-research/hex/internal/hooks/executor.go:31.57,36.2 1 6
github.com/2389-research/hex/internal/hooks/executor.go:39.77,53.25 7 4
github.com/2389-research/hex/internal/hooks/executor.go:53.25,54.51 1 4
github.com/2389-research/hex/internal/hooks/executor.go:54.51,56.4 1 0
github.com/2389-research/hex/internal/hooks/executor.go:61.2,73.16 6 4
github.com/2389-research/hex/internal/hooks/executor.go:73.16,77.47 3 1
github.com/2389-research/hex/internal/hooks/executor.go:77.47,79.4 1 1
github.com/2389-research/hex/internal/hooks/executor.go:79.9,81.4 1 0
github.com/2389-research/hex/internal/hooks/executor.go:82.3,82.16 1 1
github.com/2389-research/hex/internal/hooks/executor.go:85.2,87.15 3 3
github.com/2389-research/hex/internal/hooks/executor.go:92.70,95.36 2 5
github.com/2389-research/hex/internal/hooks/executor.go:95.36,97.57 1 325
github.com/2389-research/hex/internal/hooks/executor.go:97.57,101.4 3 325
github.com/2389-research/hex/internal/hooks/executor.go:105.2,111.23 5 5
github.com/2389-research/hex/internal/hooks/executor.go:111.23,112.44 1 5
github.com/2389-research/hex/internal/hooks/executor.go:112.44,114.4 1 13
github.com/2389-research/hex/internal/hooks/executor.go:118.2,118.21 1 5
github.com/2389-research/hex/internal/hooks/executor.go:118.21,119.30 1 1
github.com/2389-research/hex/internal/hooks/executor.go:119.30,121.4 1 1
github.com/2389-research/hex/internal/hooks/executor.go:125.2,126.27 2 5
github.com/2389-research/hex/internal/hooks/executor.go:126.27,128.3 1 353
github.com/2389-research/hex/internal/hooks/executor.go:130.2,130.12 1 5
github.com/2389-research/hex/internal/hooks/executor.go:135.65,136.12 1 0
github.com/2389-research/hex/internal/hooks/executor.go:136.12,137.16 1 0
github.com/2389-research/hex/internal/hooks/executor.go:137.16,138.32 1 0
github.com/2389-research/hex/internal/hooks/executor.go:138.32,142.5 1 0
github.com/2389-research/hex/internal/hooks/executor.go:145.3,147.68 2 0
github.com/2389-research/hex/internal/hooks/executor.go:147.68,149.27 2 0
github.com/2389-research/hex/internal/hooks/executor.go:149.27,151.5 1 0
github.com/2389-research/hex/internal/logging/logger.go:73.36,77.19 3 15
github.com/2389-research/hex/internal/logging/logger.go:77.19,79.3 1 0
github.com/2389-research/hex/internal/logging/logger.go:81.2,86.20 2 15
github.com/2389-research/hex/internal/logging/logger.go:87.18,88.46 1 3
github.com/2389-research/hex/internal/logging/logger.go:89.10,90.46 1 12
github.com/2389-research/hex/internal/logging/logger.go:93.2,97.3 1 15
github.com/2389-research/hex/internal/logging/logger.go:101.53,102.23 1 3
github.com/2389-research/hex/internal/logging/logger.go:102.23,104.3 1 0
github.com/2389-research/hex/internal/logging/logger.go:107.2,108.16 2 3
github.com/2389-research/hex/internal/logging/logger.go:108.16,110.3 1 1
github.com/2389-research/hex/internal/logging/logger.go:113.2,114.23 2 2
github.com/2389-research/hex/internal/logging/logger.go:114.23,117.3 1 1
github.com/2389-research/hex/internal/logging/logger.go:117.8,119.3 1 1
github.com/2389-research/hex/internal/logging/logger.go:121.2,127.20 3 2
github.com/2389-research/hex/internal/logging/logger.go:128.18,129.46 1 0
github.com/2389-research/hex/internal/logging/logger.go:130.10,131.46 1 2
github.com/2389-research/hex/internal/logging/logger.go:134.2,139.8 1 2
github.com/2389-research/hex/internal/logging/logger.go:143.32,147.19 3 2
github.com/2389-research/hex/internal/logging/logger.go:147.19,149.3 1 2
github.com/2389-research/hex/internal/logging/logger.go:150.2,150.12 1 0
github.com/2389-research/hex/internal/logging/logger.go:154.49,156.2 1 3
github.com/2389-research/hex/internal/logging/logger.go:159.48,161.2 1 6
github.com/2389-research/hex/internal/logging/logger.go:164.48,166.2 1 1
github.com/2389-research/hex/internal/logging/logger.go:169.49,171.2 1 1
github.com/2389-research/hex/internal/logging/logger.go:174.53,176.2 1 0
github.com/2389-research/hex/internal/logging/logger.go:179.52,181.2 1 12
github.com/2389-research/hex/internal/logging/logger.go:184.52,186.2 1 0
github.com/2389-research/hex/internal/logging/logger.go:189.53,191.2 1 0
github.com/2389-research/hex/internal/logging/logger.go:194.67,197.2 2 1
github.com/2389-research/hex/internal/logging/logger.go:200.80,202.2 1 1
github.com/2389-research/hex/internal/logging/logger.go:205.81,207.2 1 0
github.com/2389-research/hex/internal/logging/logger.go:210.80,212.2 1 0
github.com/2389-research/hex/internal/logging/logger.go:215.81,217.2 1 0
github.com/2389-research/hex/internal/logging/logger.go:220.97,223.59 2 1
github.com/2389-research/hex/internal/logging/logger.go:223.59,225.3 1 1
github.com/2389-research/hex/internal/logging/logger.go:226.2,226.52 1 1
github.com/2389-research/hex/internal/logging/logger.go:226.52,228.3 1 1
github.com/2389-research/hex/internal/logging/logger.go:231.2,234.41 2 1
github.com/2389-research/hex/internal/logging/logger.go:238.73,240.2 1 1
github.com/2389-research/hex/internal/logging/logger.go:243.68,245.2 1 1
github.com/2389-research/hex/internal/logging/logger.go:248.38,249.28 1 10
github.com/2389-research/hex/internal/logging/logger.go:250.15,251.20 1 2
github.com/2389-research/hex/internal/logging/logger.go:252.14,253.19 1 2
github.com/2389-research/hex/internal/logging/logger.go:254.25,255.19 1 2
github.com/2389-research/hex/internal/logging/logger.go:256.15,257.20 1 2
github.com/2389-research/hex/internal/logging/logger.go:258.10,259.19 1 2
github.com/2389-research/hex/internal/logging/logger.go:264.42,265.15 1 17
github.com/2389-research/hex/internal/logging/logger.go:266.18,267.25 1 3
github.com/2389-research/hex/internal/logging/logger.go:268.17,269.24 1 11
github.com/2389-research/hex/internal/logging/logger.go:270.17,271.24 1 1
github.com/2389-research/hex/internal/logging/logger.go:272.18,273.25 1 2
github.com/2389-research/hex/internal/logging/logger.go:274.10,275.24 1 0
github.com/2389-research/hex/internal/logging/logger.go:282.24,283.17 1 2
github.com/2389-research/hex/internal/logging/logger.go:283.17,289.3 1 1
github.com/2389-research/hex/internal/logging/logger.go:290.2,290.21 1 2
github.com/2389-research/hex/internal/logging/logger.go:294.38,296.2 1 1
github.com/2389-research/hex/internal/logging/logger.go:299.37,301.2 1 0
github.com/2389-research/hex/internal/logging/logger.go:304.36,306.2 1 0
github.com/2389-research/hex/internal/logging/logger.go:309.36,311.2 1 0
github.com/2389-research/hex/internal/logging/logger.go:314.37,316.2 1 0
github.com/2389-research/hex/internal/logging/logger.go:319.41,321.2 1 0
github.com/2389-research/hex/internal/logging/logger.go:324.40,326.2 1 0
github.com/2389-research/hex/internal/logging/logger.go:329.40,331.2 1 0
github.com/2389-research/hex/internal/logging/logger.go:334.41,336.2 1 0
github.com/2389-research/hex/internal/logging/logger.go:339.55,341.2 1 0
github.com/2389-research/hex/internal/storage/conversations.go:26.63,30.19 2 30
github.com/2389-research/hex/internal/storage/conversations.go:30.19,32.3 1 0
github.com/2389-research/hex/internal/storage/conversations.go:34.2,34.29 1 30
github.com/2389-research/hex/internal/storage/conversations.go:34.29,36.3 1 30
github.com/2389-research/hex/internal/storage/conversations.go:37.2,37.29 1 30
github.com/2389-research/hex/internal/storage/conversations.go:37.29,39.3 1 30
github.com/2389-research/hex/internal/storage/conversations.go:41.2,46.16 3 30
github.com/2389-research/hex/internal/storage/conversations.go:46.16,48.3 1 0
github.com/2389-research/hex/internal/storage/conversations.go:49.2,49.12 1 30
github.com/2389-research/hex/internal/storage/conversations.go:53.68,71.16 5 7
github.com/2389-research/hex/internal/storage/conversations.go:71.16,73.3 1 1
github.com/2389-research/hex/internal/storage/conversations.go:75.2,75.24 1 6
github.com/2389-research/hex/internal/storage/conversations.go:75.24,77.3 1 6
github.com/2389-research/hex/internal/storage/conversations.go:79.2,79.18 1 6
github.com/2389-research/hex/internal/storage/conversations.go:83.63,102.16 5 1
github.com/2389-research/hex/internal/storage/conversations.go:102.16,104.3 1 0
github.com/2389-research/hex/internal/storage/conversations.go:106.2,106.24 1 1
github.com/2389-research/hex/internal/storage/conversations.go:106.24,108.3 1 1
github.com/2389-research/hex/internal/storage/conversations.go:110.2,110.18 1 1
github.com/2389-research/hex/internal/storage/conversations.go:114.80,123.16 3 1
github.com/2389-research/hex/internal/storage/conversations.go:123.16,125.3 1 0
github.com/2389-research/hex/internal/storage/conversations.go:126.2,126.15 1 1
github.com/2389-research/hex/internal/storage/conversations.go:126.15,126.35 1 1
github.com/2389-research/hex/internal/storage/conversations.go:128.2,129.18 2 1
github.com/2389-research/hex/internal/storage/conversations.go:129.18,133.17 4 2
github.com/2389-research/hex/internal/storage/conversations.go:133.17,135.4 1 0
github.com/2389-research/hex/internal/storage/conversations.go:137.3,137.25 1 2
github.com/2389-research/hex/internal/storage/conversations.go:137.25,139.4 1 2
github.com/2389-research/hex/internal/storage/conversations.go:141.3,141.30 1 2
github.com/2389-research/hex/internal/storage/conversations.go:143.2,143.19 1 1
github.com/2389-research/hex/internal/storage/conversations.go:147.66,150.16 3 1
github.com/2389-research/hex/internal/storage/conversations.go:150.16,152.3 1 0
github.com/2389-research/hex/internal/storage/conversations.go:153.2,153.12 1 1
github.com/2389-research/hex/internal/storage/conversations.go:157.63,160.16 3 0
github.com/2389-research/hex/internal/storage/conversations.go:160.16,162.3 1 0
github.com/2389-research/hex/internal/storage/conversations.go:163.2,163.12 1 0
github.com/2389-research/hex/internal/storage/conversations.go:167.54,170.16 3 3
github.com/2389-research/hex/internal/storage/conversations.go:170.16,172.3 1 0
github.com/2389-research/hex/internal/storage/conversations.go:173.2,173.12 1 3
github.com/2389-research/hex/internal/storage/conversations.go:177.64,180.16 3 4
github.com/2389-research/hex/internal/storage/conversations.go:180.16,182.3 1 0
github.com/2389-research/hex/internal/storage/conversations.go:183.2,183.12 1 4
github.com/2389-research/hex/internal/storage/conversations.go:187.57,196.16 3 2
github.com/2389-research/hex/internal/storage/conversations.go:196.16,198.3 1 0
github.com/2389-research/hex/internal/storage/conversations.go:199.2,199.15 1 2
github.com/2389-research/hex/internal/storage/conversations.go:199.15,199.35 1 2
github.com/2389-research/hex/internal/storage/conversations.go:201.2,202.18 2 2
github.com/2389-research/hex/internal/storage/conversations.go:202.18,206.17 4 2
github.com/2389-research/hex/internal/storage/conversations.go:206.17,208.4 1 0
github.com/2389-research/hex/internal/storage/conversations.go:210.3,210.25 1 2
github.com/2389-research/hex/internal/storage/conversations.go:210.25,212.4 1 2
github.com/2389-research/hex/internal/storage/conversations.go:214.3,214.30 1 2
github.com/2389-research/hex/internal/storage/conversations.go:216.2,216.19 1 2
github.com/2389-research/hex/internal/storage/history_repository.go:22.61,29.24 3 24
github.com/2389-research/hex/internal/storage/history_repository.go:29.24,31.3 1 24
github.com/2389-research/hex/internal/storage/history_repository.go:33.2,34.16 2 24
github.com/2389-research/hex/internal/storage/history_repository.go:34.16,36.3 1 0
github.com/2389-research/hex/internal/storage/history_repository.go:38.2,38.12 1 24
github.com/2389-research/hex/internal/storage/history_repository.go:42.82,53.16 3 7
github.com/2389-research/hex/internal/storage/history_repository.go:53.16,55.3 1 0
github.com/2389-research/hex/internal/storage/history_repository.go:56.2,56.15 1 7
[...]
github.com/2389-research/hex/internal/tools/task_tool.go:586.16,596.3 5 0
github.com/2389-research/hex/internal/tools/task_tool.go:599.2,600.36 2 0
github.com/2389-research/hex/internal/tools/task_tool.go:600.36,615.3 5 0
github.com/2389-research/hex/internal/tools/task_tool.go:618.2,621.12 2 0
github.com/2389-research/hex/internal/tools/task_tool.go:621.12,634.13 8 0
github.com/2389-research/hex/internal/tools/task_tool.go:634.13,637.23 3 0
github.com/2389-research/hex/internal/tools/task_tool.go:637.23,659.5 8 0
github.com/2389-research/hex/internal/tools/task_tool.go:663.3,664.13 2 0
github.com/2389-research/hex/internal/tools/task_tool.go:664.13,667.23 3 0
github.com/2389-research/hex/internal/tools/task_tool.go:667.23,689.5 8 0
github.com/2389-research/hex/internal/tools/task_tool.go:693.3,705.24 8 0
github.com/2389-research/hex/internal/tools/task_tool.go:705.24,707.4 1 0
github.com/2389-research/hex/internal/tools/task_tool.go:710.3,710.47 1 0
github.com/2389-research/hex/internal/tools/task_tool.go:710.47,726.4 2 0
github.com/2389-research/hex/internal/tools/task_tool.go:729.3,729.39 1 0
github.com/2389-research/hex/internal/tools/task_tool.go:729.39,744.4 2 0
github.com/2389-research/hex/internal/tools/task_tool.go:747.3,748.21 2 0
github.com/2389-research/hex/internal/tools/task_tool.go:748.21,749.54 1 0
github.com/2389-research/hex/internal/tools/task_tool.go:749.54,751.5 1 0
github.com/2389-research/hex/internal/tools/task_tool.go:751.10,766.5 2 0
github.com/2389-research/hex/internal/tools/task_tool.go:770.3,772.15 3 0
github.com/2389-research/hex/internal/tools/task_tool.go:772.15,774.4 1 0
github.com/2389-research/hex/internal/tools/task_tool.go:777.3,786.22 2 0
github.com/2389-research/hex/internal/tools/task_tool.go:786.22,788.4 1 0
github.com/2389-research/hex/internal/tools/task_tool.go:790.3,790.21 1 0
github.com/2389-research/hex/internal/tools/task_tool.go:790.21,792.4 1 0
github.com/2389-research/hex/internal/tools/task_tool.go:795.3,801.4 1 0
github.com/2389-research/hex/internal/tools/task_tool.go:804.2,804.24 1 0
github.com/2389-research/hex/internal/tools/todo_write_tool.go:21.30,23.2 1 23
github.com/2389-research/hex/internal/tools/todo_write_tool.go:26.46,28.2 1 6
github.com/2389-research/hex/internal/tools/todo_write_tool.go:31.39,33.2 1 28
github.com/2389-research/hex/internal/tools/todo_write_tool.go:36.46,38.2 1 1
github.com/2389-research/hex/internal/tools/todo_write_tool.go:41.73,43.2 1 3
github.com/2389-research/hex/internal/tools/todo_write_tool.go:46.100,49.49 2 27
github.com/2389-research/hex/internal/tools/todo_write_tool.go:49.49,50.43 1 4
github.com/2389-research/hex/internal/tools/todo_write_tool.go:50.43,52.4 1 4
github.com/2389-research/hex/internal/tools/todo_write_tool.go:56.2,57.54 2 27
github.com/2389-research/hex/internal/tools/todo_write_tool.go:57.54,58.67 1 2
github.com/2389-research/hex/internal/tools/todo_write_tool.go:58.67,60.4 1 2
github.com/2389-research/hex/internal/tools/todo_write_tool.go:64.2,64.31 1 27
github.com/2389-research/hex/internal/tools/todo_write_tool.go:64.31,66.17 2 3
github.com/2389-research/hex/internal/tools/todo_write_tool.go:66.17,72.4 1 0
github.com/2389-research/hex/internal/tools/todo_write_tool.go:75.3,75.27 1 3
github.com/2389-research/hex/internal/tools/todo_write_tool.go:75.27,77.4 1 2
github.com/2389-research/hex/internal/tools/todo_write_tool.go:82.2,83.9 2 25
github.com/2389-research/hex/internal/tools/todo_write_tool.go:83.9,89.3 1 3
github.com/2389-research/hex/internal/tools/todo_write_tool.go:92.2,93.9 2 22
github.com/2389-research/hex/internal/tools/todo_write_tool.go:93.9,99.3 1 1
github.com/2389-research/hex/internal/tools/todo_write_tool.go:102.2,102.26 1 21
github.com/2389-research/hex/internal/tools/todo_write_tool.go:102.26,108.3 1 1
github.com/2389-research/hex/internal/tools/todo_write_tool.go:111.2,112.39 2 20
github.com/2389-research/hex/internal/tools/todo_write_tool.go:112.39,115.10 2 26
github.com/2389-research/hex/internal/tools/todo_write_tool.go:115.10,121.4 1 1
github.com/2389-research/hex/internal/tools/todo_write_tool.go:124.3,125.10 2 25
github.com/2389-research/hex/internal/tools/todo_write_tool.go:125.10,131.4 1 1
github.com/2389-research/hex/internal/tools/todo_write_tool.go:132.3,133.10 2 24
github.com/2389-research/hex/internal/tools/todo_write_tool.go:133.10,139.4 1 1
github.com/2389-research/hex/internal/tools/todo_write_tool.go:140.3,140.39 1 23
github.com/2389-research/hex/internal/tools/todo_write_tool.go:140.39,146.4 1 2
github.com/2389-research/hex/internal/tools/todo_write_tool.go:149.3,150.10 2 21
github.com/2389-research/hex/internal/tools/todo_write_tool.go:150.10,156.4 1 1
github.com/2389-research/hex/internal/tools/todo_write_tool.go:157.3,158.10 2 20
github.com/2389-research/hex/internal/tools/todo_write_tool.go:158.10,164.4 1 1
github.com/2389-research/hex/internal/tools/todo_write_tool.go:165.3,165.42 1 19
github.com/2389-research/hex/internal/tools/todo_write_tool.go:165.42,171.4 1 0
github.com/2389-research/hex/internal/tools/todo_write_tool.go:174.3,175.10 2 19
github.com/2389-research/hex/internal/tools/todo_write_tool.go:175.10,181.4 1 1
github.com/2389-research/hex/internal/tools/todo_write_tool.go:182.3,183.10 2 18
github.com/2389-research/hex/internal/tools/todo_write_tool.go:183.10,189.4 1 1
github.com/2389-research/hex/internal/tools/todo_write_tool.go:192.3,192.78 1 17
github.com/2389-research/hex/internal/tools/todo_write_tool.go:192.78,198.4 1 1
github.com/2389-research/hex/internal/tools/todo_write_tool.go:200.3,204.5 1 16
github.com/2389-research/hex/internal/tools/todo_write_tool.go:208.2,208.17 1 10
github.com/2389-research/hex/internal/tools/todo_write_tool.go:208.17,209.72 1 4
github.com/2389-research/hex/internal/tools/todo_write_tool.go:209.72,215.4 1 0
github.com/2389-research/hex/internal/tools/todo_write_tool.go:219.2,219.34 1 10
github.com/2389-research/hex/internal/tools/todo_write_tool.go:223.67,229.29 5 12
github.com/2389-research/hex/internal/tools/todo_write_tool.go:229.29,233.22 3 19
github.com/2389-research/hex/internal/tools/todo_write_tool.go:234.18,237.18 3 11
github.com/2389-research/hex/internal/tools/todo_write_tool.go:238.22,241.21 3 4
github.com/2389-research/hex/internal/tools/todo_write_tool.go:242.20,245.20 3 4
github.com/2389-research/hex/internal/tools/todo_write_tool.go:248.3,248.70 1 19
github.com/2389-research/hex/internal/tools/todo_write_tool.go:251.2,261.3 1 12
github.com/2389-research/hex/internal/tools/types.go:23.70,27.20 3 8
github.com/2389-research/hex/internal/tools/types.go:27.20,28.26 1 5
github.com/2389-research/hex/internal/tools/types.go:28.26,30.4 1 1
github.com/2389-research/hex/internal/tools/types.go:30.9,32.4 1 4
github.com/2389-research/hex/internal/tools/types.go:33.3,33.18 1 5
github.com/2389-research/hex/internal/tools/types.go:34.8,37.3 2 3
github.com/2389-research/hex/internal/tools/types.go:39.2,44.3 1 8
github.com/2389-research/hex/internal/tools/web_fetch_tool.go:25.29,32.2 1 12
github.com/2389-research/hex/internal/tools/web_fetch_tool.go:35.38,37.2 1 10
github.com/2389-research/hex/internal/tools/web_fetch_tool.go:40.45,42.2 1 1
github.com/2389-research/hex/internal/tools/web_fetch_tool.go:45.72,47.2 1 2
github.com/2389-research/hex/internal/tools/web_fetch_tool.go:50.101,53.25 2 9
github.com/2389-research/hex/internal/tools/web_fetch_tool.go:53.25,59.3 1 1
github.com/2389-research/hex/internal/tools/web_fetch_tool.go:62.2,63.9 2 8
github.com/2389-research/hex/internal/tools/web_fetch_tool.go:63.9,69.3 1 1
github.com/2389-research/hex/internal/tools/web_fetch_tool.go:72.2,73.16 2 7
github.com/2389-research/hex/internal/tools/web_fetch_tool.go:73.16,79.3 1 0
github.com/2389-research/hex/internal/tools/web_fetch_tool.go:81.2,81.28 1 7
github.com/2389-research/hex/internal/tools/web_fetch_tool.go:81.28,87.3 1 1
github.com/2389-research/hex/internal/tools/web_fetch_tool.go:90.2,91.16 2 6
github.com/2389-research/hex/internal/tools/web_fetch_tool.go:91.16,97.3 1 0
github.com/2389-research/hex/internal/tools/web_fetch_tool.go:100.2,104.16 3 6
github.com/2389-research/hex/internal/tools/web_fetch_tool.go:104.16,110.3 1 2
github.com/2389-research/hex/internal/tools/web_fetch_tool.go:111.2,111.15 1 4
github.com/2389-research/hex/internal/tools/web_fetch_tool.go:111.15,111.40 1 4
github.com/2389-research/hex/internal/tools/web_fetch_tool.go:114.2,114.38 1 4
github.com/2389-research/hex/internal/tools/web_fetch_tool.go:114.38,120.3 1 2
github.com/2389-research/hex/internal/tools/web_fetch_tool.go:123.2,124.16 2 2
github.com/2389-research/hex/internal/tools/web_fetch_tool.go:124.16,130.3 1 0
github.com/2389-research/hex/internal/tools/web_fetch_tool.go:132.2,136.102 3 2
github.com/2389-research/hex/internal/tools/web_fetch_tool.go:136.102,138.17 2 1
github.com/2389-research/hex/internal/tools/web_fetch_tool.go:138.17,144.4 1 0
github.com/2389-research/hex/internal/tools/web_fetch_tool.go:145.3,145.21 1 1
github.com/2389-research/hex/internal/tools/web_fetch_tool.go:148.2,152.8 1 2
github.com/2389-research/hex/internal/tools/web_search_tool.go:31.30,36.2 1 5
github.com/2389-research/hex/internal/tools/web_search_tool.go:39.61,44.2 1 7
github.com/2389-research/hex/internal/tools/web_search_tool.go:47.39,49.2 1 11
github.com/2389-research/hex/internal/tools/web_search_tool.go:52.46,54.2 1 1
github.com/2389-research/hex/internal/tools/web_search_tool.go:57.73,60.2 1 2
github.com/2389-research/hex/internal/tools/web_search_tool.go:63.102,66.24 2 10
github.com/2389-research/hex/internal/tools/web_search_tool.go:66.24,72.3 1 1
github.com/2389-research/hex/internal/tools/web_search_tool.go:75.2,76.43 2 9
github.com/2389-research/hex/internal/tools/web_search_tool.go:76.43,77.33 1 3
github.com/2389-research/hex/internal/tools/web_search_tool.go:78.12,79.13 1 3
github.com/2389-research/hex/internal/tools/web_search_tool.go:80.16,81.18 1 0
github.com/2389-research/hex/internal/tools/web_search_tool.go:82.11,87.10 1 0
github.com/2389-research/hex/internal/tools/web_search_tool.go:89.3,89.17 1 3
github.com/2389-research/hex/internal/tools/web_search_tool.go:89.17,95.4 1 2
github.com/2389-research/hex/internal/tools/web_search_tool.go:99.2,104.16 4 7
github.com/2389-research/hex/internal/tools/web_search_tool.go:104.16,110.3 1 1
github.com/2389-research/hex/internal/tools/web_search_tool.go:113.2,116.27 2 6
github.com/2389-research/hex/internal/tools/web_search_tool.go:116.27,118.3 1 1
github.com/2389-research/hex/internal/tools/web_search_tool.go:121.2,127.8 2 6
github.com/2389-research/hex/internal/tools/web_search_tool.go:130.91,136.16 3 7
github.com/2389-research/hex/internal/tools/web_search_tool.go:136.16,138.3 1 0
github.com/2389-research/hex/internal/tools/web_search_tool.go:141.2,145.16 3 7
github.com/2389-research/hex/internal/tools/web_search_tool.go:145.16,147.3 1 1
github.com/2389-research/hex/internal/tools/web_search_tool.go:148.2,148.15 1 6
github.com/2389-research/hex/internal/tools/web_search_tool.go:148.15,148.40 1 6
github.com/2389-research/hex/internal/tools/web_search_tool.go:150.2,150.38 1 6
github.com/2389-research/hex/internal/tools/web_search_tool.go:150.38,152.3 1 0
github.com/2389-research/hex/internal/tools/web_search_tool.go:155.2,156.16 2 6
github.com/2389-research/hex/internal/tools/web_search_tool.go:156.16,158.3 1 0
github.com/2389-research/hex/internal/tools/web_search_tool.go:160.2,161.16 2 6
github.com/2389-research/hex/internal/tools/web_search_tool.go:161.16,163.3 1 0
github.com/2389-research/hex/internal/tools/web_search_tool.go:165.2,165.21 1 6
github.com/2389-research/hex/internal/tools/web_search_tool.go:168.63,170.16 2 6
github.com/2389-research/hex/internal/tools/web_search_tool.go:170.16,172.3 1 0
github.com/2389-research/hex/internal/tools/web_search_tool.go:174.2,177.32 3 6
github.com/2389-research/hex/internal/tools/web_search_tool.go:177.32,178.52 1 106
github.com/2389-research/hex/internal/tools/web_search_tool.go:178.52,180.32 1 31
github.com/2389-research/hex/internal/tools/web_search_tool.go:180.32,181.28 1 31
github.com/2389-research/hex/internal/tools/web_search_tool.go:181.28,184.36 2 31
github.com/2389-research/hex/internal/tools/web_search_tool.go:184.36,185.28 1 31
github.com/2389-research/hex/internal/tools/web_search_tool.go:185.28,189.28 3 25
github.com/2389-research/hex/internal/tools/web_search_tool.go:189.28,191.9 1 25
github.com/2389-research/hex/internal/tools/web_search_tool.go:193.8,193.14 1 25
github.com/2389-research/hex/internal/tools/web_search_tool.go:200.3,200.54 1 81
github.com/2389-research/hex/internal/tools/web_search_tool.go:200.54,202.4 1 100
github.com/2389-research/hex/internal/tools/web_search_tool.go:205.2,206.21 2 6
github.com/2389-research/hex/internal/tools/web_search_tool.go:209.57,210.49 1 200
github.com/2389-research/hex/internal/tools/web_search_tool.go:210.49,214.31 3 50
github.com/2389-research/hex/internal/tools/web_search_tool.go:214.31,215.27 1 75
github.com/2389-research/hex/internal/tools/web_search_tool.go:215.27,216.48 1 50
github.com/2389-research/hex/internal/tools/web_search_tool.go:216.48,219.31 2 25
github.com/2389-research/hex/internal/tools/web_search_tool.go:219.31,220.26 1 50
github.com/2389-research/hex/internal/tools/web_search_tool.go:220.26,222.13 2 25
github.com/2389-research/hex/internal/tools/web_search_tool.go:225.11,225.61 1 25
github.com/2389-research/hex/internal/tools/web_search_tool.go:225.61,227.6 1 25
github.com/2389-research/hex/internal/tools/web_search_tool.go:231.3,231.37 1 50
github.com/2389-research/hex/internal/tools/web_search_tool.go:231.37,233.4 1 25
github.com/2389-research/hex/internal/tools/web_search_tool.go:233.9,233.46 1 25
github.com/2389-research/hex/internal/tools/web_search_tool.go:233.46,235.4 1 25
github.com/2389-research/hex/internal/tools/web_search_tool.go:238.2,238.53 1 200
github.com/2389-research/hex/internal/tools/web_search_tool.go:238.53,240.3 1 175
github.com/2389-research/hex/internal/tools/web_search_tool.go:243.39,246.32 3 50
github.com/2389-research/hex/internal/tools/web_search_tool.go:246.32,247.30 1 100
github.com/2389-research/hex/internal/tools/web_search_tool.go:247.30,249.4 1 50
github.com/2389-research/hex/internal/tools/web_search_tool.go:250.3,250.54 1 100
github.com/2389-research/hex/internal/tools/web_search_tool.go:250.54,252.4 1 50
github.com/2389-research/hex/internal/tools/web_search_tool.go:254.2,255.41 2 50
github.com/2389-research/hex/internal/tools/web_search_tool.go:258.49,259.18 1 14
github.com/2389-research/hex/internal/tools/web_search_tool.go:259.18,261.3 1 11
github.com/2389-research/hex/internal/tools/web_search_tool.go:263.2,264.9 2 3
github.com/2389-research/hex/internal/tools/web_search_tool.go:264.9,266.3 1 0
github.com/2389-research/hex/internal/tools/web_search_tool.go:268.2,269.29 2 3
github.com/2389-research/hex/internal/tools/web_search_tool.go:269.29,270.35 1 3
github.com/2389-research/hex/internal/tools/web_search_tool.go:270.35,272.4 1 3
github.com/2389-research/hex/internal/tools/web_search_tool.go:274.2,274.16 1 3
github.com/2389-research/hex/internal/tools/web_search_tool.go:277.100,278.58 1 6
github.com/2389-research/hex/internal/tools/web_search_tool.go:278.58,280.3 1 3
github.com/2389-research/hex/internal/tools/web_search_tool.go:282.2,283.33 2 3
github.com/2389-research/hex/internal/tools/web_search_tool.go:283.33,285.19 2 15
github.com/2389-research/hex/internal/tools/web_search_tool.go:285.19,286.12 1 0
github.com/2389-research/hex/internal/tools/web_search_tool.go:289.3,292.45 2 15
github.com/2389-research/hex/internal/tools/web_search_tool.go:292.45,293.12 1 1
github.com/2389-research/hex/internal/tools/web_search_tool.go:297.3,297.73 1 14
github.com/2389-research/hex/internal/tools/web_search_tool.go:297.73,298.12 1 6
github.com/2389-research/hex/internal/tools/web_search_tool.go:301.3,301.38 1 8
github.com/2389-research/hex/internal/tools/web_search_tool.go:304.2,304.17 1 3
github.com/2389-research/hex/internal/tools/web_search_tool.go:307.42,309.16 2 15
github.com/2389-research/hex/internal/tools/web_search_tool.go:309.16,311.3 1 0
github.com/2389-research/hex/internal/tools/web_search_tool.go:312.2,312.26 1 15
github.com/2389-research/hex/internal/tools/web_search_tool.go:315.55,316.26 1 25
github.com/2389-research/hex/internal/tools/web_search_tool.go:316.26,317.16 1 15
github.com/2389-research/hex/internal/tools/web_search_tool.go:317.16,319.4 1 5
github.com/2389-research/hex/internal/tools/web_search_tool.go:321.2,321.14 1 20
github.com/2389-research/hex/internal/tools/web_search_tool.go:324.65,329.23 3 6
github.com/2389-research/hex/internal/tools/web_search_tool.go:329.23,332.3 2 1
github.com/2389-research/hex/internal/tools/web_search_tool.go:334.2,336.33 2 5
github.com/2389-research/hex/internal/tools/web_search_tool.go:336.33,339.27 3 15
github.com/2389-research/hex/internal/tools/web_search_tool.go:339.27,341.4 1 15
github.com/2389-research/hex/internal/tools/web_search_tool.go:342.3,342.28 1 15
github.com/2389-research/hex/internal/tools/web_search_tool.go:345.2,345.20 1 5
github.com/2389-research/hex/internal/tools/write_tool.go:31.32,35.2 1 30
github.com/2389-research/hex/internal/tools/write_tool.go:38.35,40.2 1 13
github.com/2389-research/hex/internal/tools/write_tool.go:43.42,45.2 1 1
github.com/2389-research/hex/internal/tools/write_tool.go:48.69,52.2 1 12
github.com/2389-research/hex/internal/tools/write_tool.go:55.96,58.23 2 26
github.com/2389-research/hex/internal/tools/write_tool.go:58.23,64.3 1 3
github.com/2389-research/hex/internal/tools/write_tool.go:67.2,68.9 2 23
github.com/2389-research/hex/internal/tools/write_tool.go:68.9,74.3 1 2
github.com/2389-research/hex/internal/tools/write_tool.go:77.2,77.44 1 21
github.com/2389-research/hex/internal/tools/write_tool.go:77.44,83.3 1 1
github.com/2389-research/hex/internal/tools/write_tool.go:86.2,87.69 2 20
github.com/2389-research/hex/internal/tools/write_tool.go:87.69,89.3 1 10
github.com/2389-research/hex/internal/tools/write_tool.go:92.2,92.71 1 20
github.com/2389-research/hex/internal/tools/write_tool.go:92.71,98.3 1 1
github.com/2389-research/hex/internal/tools/write_tool.go:101.2,105.16 3 19
github.com/2389-research/hex/internal/tools/write_tool.go:105.16,111.3 1 0
github.com/2389-research/hex/internal/tools/write_tool.go:114.2,115.54 2 19
github.com/2389-research/hex/internal/tools/write_tool.go:115.54,116.54 1 3
github.com/2389-research/hex/internal/tools/write_tool.go:116.54,122.4 1 1
github.com/2389-research/hex/internal/tools/write_tool.go:126.2,133.14 5 18
github.com/2389-research/hex/internal/tools/write_tool.go:134.18,135.17 1 12
github.com/2389-research/hex/internal/tools/write_tool.go:135.17,141.4 1 1
github.com/2389-research/hex/internal/tools/write_tool.go:142.3,142.62 1 11
github.com/2389-research/hex/internal/tools/write_tool.go:144.21,145.62 1 3
github.com/2389-research/hex/internal/tools/write_tool.go:147.18,148.61 1 3
github.com/2389-research/hex/internal/tools/write_tool.go:151.2,151.21 1 17
github.com/2389-research/hex/internal/tools/write_tool.go:151.21,157.3 1 0
github.com/2389-research/hex/internal/tools/write_tool.go:160.2,170.8 1 17
github.com/2389-research/hex/internal/tools/write_tool.go:174.68,178.16 3 17
github.com/2389-research/hex/internal/tools/write_tool.go:178.16,180.3 1 3
github.com/2389-research/hex/internal/tools/write_tool.go:180.8,182.3 1 14
github.com/2389-research/hex/internal/tools/write_tool.go:184.2,184.16 1 17
github.com/2389-research/hex/internal/tools/write_tool.go:184.16,186.3 1 0
github.com/2389-research/hex/internal/tools/write_tool.go:187.2,187.15 1 17
github.com/2389-research/hex/internal/tools/write_tool.go:187.15,187.35 1 17
github.com/2389-research/hex/internal/tools/write_tool.go:189.2,190.16 2 17
github.com/2389-research/hex/internal/tools/write_tool.go:190.16,192.3 1 0
github.com/2389-research/hex/internal/tools/write_tool.go:194.2,194.15 1 17
